TpTrace Verbose: 0 : 11732, 1, 2024/08/09, 16:25:19.223, 13290369593, vstest.console.dll, Version: 17.10.0-release-24203-04 Current process architecture: X64
TpTrace Verbose: 0 : 11732, 1, 2024/08/09, 16:25:19.229, 13290426333, vstest.console.dll, Runtime location: C:\Program Files\dotnet\shared\Microsoft.NETCore.App\8.0.5
TpTrace Verbose: 0 : 11732, 1, 2024/08/09, 16:25:19.233, 13290467490, vstest.console.dll, ArtifactProcessingPostProcessModeProcessorExecutor.Initialize: ArtifactProcessingMode.Collect
TpTrace Verbose: 0 : 11732, 1, 2024/08/09, 16:25:19.233, 13290470135, vstest.console.dll, TestSessionCorrelationIdProcessorModeProcessorExecutor.Initialize: TestSessionCorrelationId '2644_a2793ced-ac3d-4326-b8f3-06520f28ba69'
TpTrace Information: 0 : 11732, 1, 2024/08/09, 16:25:19.245, 13290590911, vstest.console.dll, FilePatternParser: The given file C:\Users\PC\Desktop\2-SeleniumWebDriver\TestProject1\bin\Debug\net6.0\fine-code-coverage\build-output\TestProject1.dll is a full path.
TpTrace Verbose: 0 : 11732, 1, 2024/08/09, 16:25:19.255, 13290682368, vstest.console.dll, TestPluginCache.DiscoverTestExtensions: finding test extensions in assemblies ends with: RuntimeProvider.dll TPluginInfo: Microsoft.VisualStudio.TestPlatform.Common.ExtensionFramework.Utilities.TestRuntimePluginInformation TExtension: Microsoft.VisualStudio.TestPlatform.ObjectModel.Host.ITestRuntimeProvider
TpTrace Verbose: 0 : 11732, 1, 2024/08/09, 16:25:19.255, 13290687739, vstest.console.dll, TestPluginCache.GetExtensionPaths: Filtered extension paths: 
TpTrace Verbose: 0 : 11732, 1, 2024/08/09, 16:25:19.255, 13290689354, vstest.console.dll, TestPluginCache.GetExtensionPaths: Added default extension paths: C:\Program Files\dotnet\sdk\8.0.300\Extensions\Microsoft.Diagnostics.NETCore.Client.dll
C:\Program Files\dotnet\sdk\8.0.300\Extensions\Microsoft.TestPlatform.Extensions.BlameDataCollector.dll
C:\Program Files\dotnet\sdk\8.0.300\Extensions\Microsoft.TestPlatform.Extensions.EventLogCollector.dll
C:\Program Files\dotnet\sdk\8.0.300\Extensions\Microsoft.TestPlatform.TestHostRuntimeProvider.dll
C:\Program Files\dotnet\sdk\8.0.300\Extensions\Microsoft.VisualStudio.TestPlatform.Extensions.Html.TestLogger.dll
C:\Program Files\dotnet\sdk\8.0.300\Extensions\Microsoft.VisualStudio.TestPlatform.Extensions.Trx.TestLogger.dll
TpTrace Verbose: 0 : 11732, 1, 2024/08/09, 16:25:19.255, 13290690404, vstest.console.dll, TestPluginCache.GetExtensionPaths: Added unfilterableExtensionPaths: 
TpTrace Information: 0 : 11732, 1, 2024/08/09, 16:25:19.256, 13290699414, vstest.console.dll, AssemblyResolver.ctor: Creating AssemblyResolver with searchDirectories C:\Program Files\dotnet\sdk\8.0.300\Extensions,C:\Program Files\dotnet\sdk\8.0.300
TpTrace Verbose: 0 : 11732, 1, 2024/08/09, 16:25:19.259, 13290725485, vstest.console.dll, TestPluginCache.DiscoverTestExtensions: Discovering the extensions using extension path.
TpTrace Verbose: 0 : 11732, 1, 2024/08/09, 16:25:19.259, 13290728027, vstest.console.dll, TestPluginCache.GetExtensionPaths: Filtered extension paths: 
TpTrace Verbose: 0 : 11732, 1, 2024/08/09, 16:25:19.259, 13290728985, vstest.console.dll, TestPluginCache.GetExtensionPaths: Added default extension paths: C:\Program Files\dotnet\sdk\8.0.300\Extensions\Microsoft.Diagnostics.NETCore.Client.dll
C:\Program Files\dotnet\sdk\8.0.300\Extensions\Microsoft.TestPlatform.Extensions.BlameDataCollector.dll
C:\Program Files\dotnet\sdk\8.0.300\Extensions\Microsoft.TestPlatform.Extensions.EventLogCollector.dll
C:\Program Files\dotnet\sdk\8.0.300\Extensions\Microsoft.TestPlatform.TestHostRuntimeProvider.dll
C:\Program Files\dotnet\sdk\8.0.300\Extensions\Microsoft.VisualStudio.TestPlatform.Extensions.Html.TestLogger.dll
C:\Program Files\dotnet\sdk\8.0.300\Extensions\Microsoft.VisualStudio.TestPlatform.Extensions.Trx.TestLogger.dll
TpTrace Verbose: 0 : 11732, 1, 2024/08/09, 16:25:19.259, 13290729812, vstest.console.dll, TestPluginCache.GetExtensionPaths: Added unfilterableExtensionPaths: 
TpTrace Verbose: 0 : 11732, 1, 2024/08/09, 16:25:19.260, 13290731008, vstest.console.dll, TestPluginCache.DiscoverTestExtensions: Discovering the extensions using allExtensionPaths: C:\Program Files\dotnet\sdk\8.0.300\Extensions\Microsoft.Diagnostics.NETCore.Client.dll
C:\Program Files\dotnet\sdk\8.0.300\Extensions\Microsoft.TestPlatform.Extensions.BlameDataCollector.dll
C:\Program Files\dotnet\sdk\8.0.300\Extensions\Microsoft.TestPlatform.Extensions.EventLogCollector.dll
C:\Program Files\dotnet\sdk\8.0.300\Extensions\Microsoft.TestPlatform.TestHostRuntimeProvider.dll
C:\Program Files\dotnet\sdk\8.0.300\Extensions\Microsoft.VisualStudio.TestPlatform.Extensions.Html.TestLogger.dll
C:\Program Files\dotnet\sdk\8.0.300\Extensions\Microsoft.VisualStudio.TestPlatform.Extensions.Trx.TestLogger.dll
TpTrace Information: 0 : 11732, 1, 2024/08/09, 16:25:19.260, 13290733668, vstest.console.dll, AssemblyResolver.AddSearchDirectories: Adding more searchDirectories C:\Program Files\dotnet\sdk\8.0.300\Extensions,C:\Program Files\dotnet\sdk\8.0.300
TpTrace Information: 0 : 11732, 1, 2024/08/09, 16:25:19.260, 13290734761, vstest.console.dll, AssemblyResolver.AddSearchDirectories: Adding more searchDirectories C:\Program Files\dotnet\sdk\8.0.300\Extensions,C:\Program Files\dotnet\sdk\8.0.300
TpTrace Information: 0 : 11732, 1, 2024/08/09, 16:25:19.260, 13290735602, vstest.console.dll, AssemblyResolver.AddSearchDirectories: Adding more searchDirectories C:\Program Files\dotnet\sdk\8.0.300\Extensions,C:\Program Files\dotnet\sdk\8.0.300
TpTrace Information: 0 : 11732, 1, 2024/08/09, 16:25:19.260, 13290736309, vstest.console.dll, AssemblyResolver.AddSearchDirectories: Adding more searchDirectories C:\Program Files\dotnet\sdk\8.0.300\Extensions,C:\Program Files\dotnet\sdk\8.0.300
TpTrace Information: 0 : 11732, 1, 2024/08/09, 16:25:19.260, 13290736999, vstest.console.dll, AssemblyResolver.AddSearchDirectories: Adding more searchDirectories C:\Program Files\dotnet\sdk\8.0.300\Extensions,C:\Program Files\dotnet\sdk\8.0.300
TpTrace Information: 0 : 11732, 1, 2024/08/09, 16:25:19.260, 13290737758, vstest.console.dll, AssemblyResolver.AddSearchDirectories: Adding more searchDirectories C:\Program Files\dotnet\sdk\8.0.300\Extensions,C:\Program Files\dotnet\sdk\8.0.300
TpTrace Information: 0 : 11732, 1, 2024/08/09, 16:25:19.261, 13290746042, vstest.console.dll, AssemblyResolver.OnResolve: Microsoft.Diagnostics.NETCore.Client: Resolving assembly.
TpTrace Information: 0 : 11732, 1, 2024/08/09, 16:25:19.261, 13290747316, vstest.console.dll, AssemblyResolver.OnResolve: Microsoft.Diagnostics.NETCore.Client: Searching in: 'C:\Program Files\dotnet\sdk\8.0.300\Extensions'.
TpTrace Information: 0 : 11732, 1, 2024/08/09, 16:25:19.275, 13290885799, vstest.console.dll, AssemblyResolver.OnResolve: Microsoft.Diagnostics.NETCore.Client: Loading assembly 'C:\Program Files\dotnet\sdk\8.0.300\Extensions\Microsoft.Diagnostics.NETCore.Client.dll'.
TpTrace Information: 0 : 11732, 1, 2024/08/09, 16:25:19.276, 13290899058, vstest.console.dll, AssemblyResolver.OnResolve: Resolved assembly: Microsoft.Diagnostics.NETCore.Client, from path: C:\Program Files\dotnet\sdk\8.0.300\Extensions\Microsoft.Diagnostics.NETCore.Client.dll
TpTrace Verbose: 0 : 11732, 1, 2024/08/09, 16:25:19.283, 13290968431, vstest.console.dll, MetadataReaderExtensionsHelper: Discovering extensions inside assembly 'Microsoft.Diagnostics.NETCore.Client, Version=0.2.10.15101, Culture=neutral, PublicKeyToken=31bf3856ad364e35' file path 'C:\Program Files\dotnet\sdk\8.0.300\Extensions\Microsoft.Diagnostics.NETCore.Client.dll'
TpTrace Information: 0 : 11732, 1, 2024/08/09, 16:25:19.291, 13291046270, vstest.console.dll, AssemblyResolver.OnResolve: Microsoft.Bcl.AsyncInterfaces: Resolving assembly.
TpTrace Information: 0 : 11732, 1, 2024/08/09, 16:25:19.291, 13291047870, vstest.console.dll, AssemblyResolver.OnResolve: Microsoft.Bcl.AsyncInterfaces: Searching in: 'C:\Program Files\dotnet\sdk\8.0.300\Extensions'.
TpTrace Information: 0 : 11732, 1, 2024/08/09, 16:25:19.291, 13291049434, vstest.console.dll, AssemblyResolver.OnResolve: Microsoft.Bcl.AsyncInterfaces: Assembly path does not exist: 'C:\Program Files\dotnet\sdk\8.0.300\Extensions\Microsoft.Bcl.AsyncInterfaces.dll', returning.
TpTrace Information: 0 : 11732, 1, 2024/08/09, 16:25:19.292, 13291051396, vstest.console.dll, AssemblyResolver.OnResolve: Microsoft.Bcl.AsyncInterfaces: Assembly path does not exist: 'C:\Program Files\dotnet\sdk\8.0.300\Extensions\Microsoft.Bcl.AsyncInterfaces.exe', returning.
TpTrace Information: 0 : 11732, 1, 2024/08/09, 16:25:19.292, 13291052200, vstest.console.dll, AssemblyResolver.OnResolve: Microsoft.Bcl.AsyncInterfaces: Searching in: 'C:\Program Files\dotnet\sdk\8.0.300'.
TpTrace Information: 0 : 11732, 1, 2024/08/09, 16:25:19.292, 13291053569, vstest.console.dll, AssemblyResolver.OnResolve: Microsoft.Bcl.AsyncInterfaces: Assembly path does not exist: 'C:\Program Files\dotnet\sdk\8.0.300\Microsoft.Bcl.AsyncInterfaces.dll', returning.
TpTrace Information: 0 : 11732, 1, 2024/08/09, 16:25:19.292, 13291054652, vstest.console.dll, AssemblyResolver.OnResolve: Microsoft.Bcl.AsyncInterfaces: Assembly path does not exist: 'C:\Program Files\dotnet\sdk\8.0.300\Microsoft.Bcl.AsyncInterfaces.exe', returning.
TpTrace Information: 0 : 11732, 1, 2024/08/09, 16:25:19.292, 13291055254, vstest.console.dll, AssemblyResolver.OnResolve: Microsoft.Bcl.AsyncInterfaces: Failed to load assembly.
TpTrace Verbose: 0 : 11732, 1, 2024/08/09, 16:25:19.292, 13291056072, vstest.console.dll, CurrentDomainAssemblyResolve: Resolving assembly 'Microsoft.Bcl.AsyncInterfaces'.
TpTrace Information: 0 : 11732, 1, 2024/08/09, 16:25:19.292, 13291057146, vstest.console.dll, AssemblyResolver.OnResolve: Microsoft.Bcl.AsyncInterfaces: Resolving assembly.
TpTrace Information: 0 : 11732, 1, 2024/08/09, 16:25:19.292, 13291057883, vstest.console.dll, AssemblyResolver.OnResolve: Microsoft.Bcl.AsyncInterfaces: Resolved from cache.
TpTrace Verbose: 0 : 11732, 1, 2024/08/09, 16:25:19.292, 13291058449, vstest.console.dll, CurrentDomainAssemblyResolve: Resolving assembly 'Microsoft.Bcl.AsyncInterfaces'.
TpTrace Verbose: 0 : 11732, 1, 2024/08/09, 16:25:19.292, 13291059139, vstest.console.dll, CurrentDomainAssemblyResolve: Failed to resolve assembly 'Microsoft.Bcl.AsyncInterfaces'.
TpTrace Verbose: 0 : 11732, 1, 2024/08/09, 16:25:19.294, 13291073579, vstest.console.dll, CurrentDomainAssemblyResolve: Failed to resolve assembly 'Microsoft.Bcl.AsyncInterfaces'.
TpTrace Warning: 0 : 11732, 1, 2024/08/09, 16:25:19.312, 13291257997, vstest.console.dll, TestPluginDiscoverer: Failed to get types from assembly 'Microsoft.Diagnostics.NETCore.Client, Version=0.2.10.15101, Culture=neutral, PublicKeyToken=31bf3856ad364e35'. Error: System.Reflection.ReflectionTypeLoadException: Unable to load one or more of the requested types.
Could not load file or assembly 'Microsoft.Bcl.AsyncInterfaces, Version=6.0.0.0, Culture=neutral, PublicKeyToken=cc7b13ffcd2ddd51'. The system cannot find the file specified.
   at System.Reflection.RuntimeModule.GetTypes(RuntimeModule module)
   at System.Reflection.RuntimeModule.GetTypes()
   at Microsoft.VisualStudio.TestPlatform.Common.ExtensionFramework.TestPluginDiscoverer.GetTestExtensionsFromAssembly[TPluginInfo,TExtension](Assembly assembly, Dictionary`2 pluginInfos, String filePath) in /_/src/Microsoft.TestPlatform.Common/ExtensionFramework/TestPluginDiscoverer.cs:line 158
System.IO.FileNotFoundException: Could not load file or assembly 'Microsoft.Bcl.AsyncInterfaces, Version=6.0.0.0, Culture=neutral, PublicKeyToken=cc7b13ffcd2ddd51'. The system cannot find the file specified.
File name: 'Microsoft.Bcl.AsyncInterfaces, Version=6.0.0.0, Culture=neutral, PublicKeyToken=cc7b13ffcd2ddd51'
 ---> System.IO.FileNotFoundException: Could not load file or assembly 'Microsoft.Bcl.AsyncInterfaces, Culture=neutral, PublicKeyToken=null'. The system cannot find the file specified.
File name: 'Microsoft.Bcl.AsyncInterfaces, Culture=neutral, PublicKeyToken=null'
   at System.Reflection.RuntimeAssembly.InternalLoad(AssemblyName assemblyName, StackCrawlMark& stackMark, AssemblyLoadContext assemblyLoadContext, RuntimeAssembly requestingAssembly, Boolean throwOnFileNotFound)
   at System.Reflection.Assembly.Load(AssemblyName assemblyRef)
   at Microsoft.VisualStudio.TestPlatform.Common.ExtensionFramework.TestPluginCache.CurrentDomainAssemblyResolve(Object sender, AssemblyResolveEventArgs args) in /_/src/Microsoft.TestPlatform.Common/ExtensionFramework/TestPluginCache.cs:line 513
   at System.Runtime.Loader.AssemblyLoadContext.GetFirstResolvedAssemblyFromResolvingEvent(AssemblyName assemblyName)
   at System.Runtime.Loader.AssemblyLoadContext.ResolveUsingEvent(AssemblyName assemblyName)
   at System.Runtime.Loader.AssemblyLoadContext.ResolveUsingResolvingEvent(IntPtr gchManagedAssemblyLoadContext, AssemblyName assemblyName)
TpTrace Warning: 0 : 11732, 1, 2024/08/09, 16:25:19.313, 13291263354, vstest.console.dll, LoaderExceptions: System.IO.FileNotFoundException: Could not load file or assembly 'Microsoft.Bcl.AsyncInterfaces, Version=6.0.0.0, Culture=neutral, PublicKeyToken=cc7b13ffcd2ddd51'. The system cannot find the file specified.
File name: 'Microsoft.Bcl.AsyncInterfaces, Version=6.0.0.0, Culture=neutral, PublicKeyToken=cc7b13ffcd2ddd51'
 ---> System.IO.FileNotFoundException: Could not load file or assembly 'Microsoft.Bcl.AsyncInterfaces, Culture=neutral, PublicKeyToken=null'. The system cannot find the file specified.
File name: 'Microsoft.Bcl.AsyncInterfaces, Culture=neutral, PublicKeyToken=null'
   at System.Reflection.RuntimeAssembly.InternalLoad(AssemblyName assemblyName, StackCrawlMark& stackMark, AssemblyLoadContext assemblyLoadContext, RuntimeAssembly requestingAssembly, Boolean throwOnFileNotFound)
   at System.Reflection.Assembly.Load(AssemblyName assemblyRef)
   at Microsoft.VisualStudio.TestPlatform.Common.ExtensionFramework.TestPluginCache.CurrentDomainAssemblyResolve(Object sender, AssemblyResolveEventArgs args) in /_/src/Microsoft.TestPlatform.Common/ExtensionFramework/TestPluginCache.cs:line 513
   at System.Runtime.Loader.AssemblyLoadContext.GetFirstResolvedAssemblyFromResolvingEvent(AssemblyName assemblyName)
   at System.Runtime.Loader.AssemblyLoadContext.ResolveUsingEvent(AssemblyName assemblyName)
   at System.Runtime.Loader.AssemblyLoadContext.ResolveUsingResolvingEvent(IntPtr gchManagedAssemblyLoadContext, AssemblyName assemblyName)
TpTrace Information: 0 : 11732, 1, 2024/08/09, 16:25:19.313, 13291265460, vstest.console.dll, AssemblyResolver.OnResolve: Microsoft.TestPlatform.Extensions.BlameDataCollector: Resolving assembly.
TpTrace Information: 0 : 11732, 1, 2024/08/09, 16:25:19.313, 13291266196, vstest.console.dll, AssemblyResolver.OnResolve: Microsoft.TestPlatform.Extensions.BlameDataCollector: Searching in: 'C:\Program Files\dotnet\sdk\8.0.300\Extensions'.
TpTrace Information: 0 : 11732, 1, 2024/08/09, 16:25:19.314, 13291278648, vstest.console.dll, AssemblyResolver.OnResolve: Microsoft.TestPlatform.Extensions.BlameDataCollector: Loading assembly 'C:\Program Files\dotnet\sdk\8.0.300\Extensions\Microsoft.TestPlatform.Extensions.BlameDataCollector.dll'.
TpTrace Information: 0 : 11732, 1, 2024/08/09, 16:25:19.315, 13291289633, vstest.console.dll, AssemblyResolver.OnResolve: Resolved assembly: Microsoft.TestPlatform.Extensions.BlameDataCollector, from path: C:\Program Files\dotnet\sdk\8.0.300\Extensions\Microsoft.TestPlatform.Extensions.BlameDataCollector.dll
TpTrace Verbose: 0 : 11732, 1, 2024/08/09, 16:25:19.316, 13291291563, vstest.console.dll, MetadataReaderExtensionsHelper: Discovering extensions inside assembly 'Microsoft.TestPlatform.Extensions.BlameDataCollector, Version=15.0.0.0, Culture=neutral, PublicKeyToken=b03f5f7f11d50a3a' file path 'C:\Program Files\dotnet\sdk\8.0.300\Extensions\Microsoft.TestPlatform.Extensions.BlameDataCollector.dll'
TpTrace Information: 0 : 11732, 1, 2024/08/09, 16:25:19.318, 13291315780, vstest.console.dll, AssemblyResolver.OnResolve: Microsoft.TestPlatform.Extensions.EventLogCollector: Resolving assembly.
TpTrace Information: 0 : 11732, 1, 2024/08/09, 16:25:19.318, 13291317210, vstest.console.dll, AssemblyResolver.OnResolve: Microsoft.TestPlatform.Extensions.EventLogCollector: Searching in: 'C:\Program Files\dotnet\sdk\8.0.300\Extensions'.
TpTrace Information: 0 : 11732, 1, 2024/08/09, 16:25:19.319, 13291327549, vstest.console.dll, AssemblyResolver.OnResolve: Microsoft.TestPlatform.Extensions.EventLogCollector: Loading assembly 'C:\Program Files\dotnet\sdk\8.0.300\Extensions\Microsoft.TestPlatform.Extensions.EventLogCollector.dll'.
TpTrace Information: 0 : 11732, 1, 2024/08/09, 16:25:19.320, 13291335847, vstest.console.dll, AssemblyResolver.OnResolve: Resolved assembly: Microsoft.TestPlatform.Extensions.EventLogCollector, from path: C:\Program Files\dotnet\sdk\8.0.300\Extensions\Microsoft.TestPlatform.Extensions.EventLogCollector.dll
TpTrace Verbose: 0 : 11732, 1, 2024/08/09, 16:25:19.320, 13291337127, vstest.console.dll, MetadataReaderExtensionsHelper: Discovering extensions inside assembly 'Microsoft.TestPlatform.Extensions.EventLogCollector, Version=15.0.0.0, Culture=neutral, PublicKeyToken=b03f5f7f11d50a3a' file path 'C:\Program Files\dotnet\sdk\8.0.300\Extensions\Microsoft.TestPlatform.Extensions.EventLogCollector.dll'
TpTrace Information: 0 : 11732, 1, 2024/08/09, 16:25:19.325, 13291381546, vstest.console.dll, AssemblyResolver.OnResolve: Microsoft.TestPlatform.TestHostRuntimeProvider: Resolving assembly.
TpTrace Information: 0 : 11732, 1, 2024/08/09, 16:25:19.325, 13291383023, vstest.console.dll, AssemblyResolver.OnResolve: Microsoft.TestPlatform.TestHostRuntimeProvider: Searching in: 'C:\Program Files\dotnet\sdk\8.0.300\Extensions'.
TpTrace Information: 0 : 11732, 1, 2024/08/09, 16:25:19.326, 13291392103, vstest.console.dll, AssemblyResolver.OnResolve: Microsoft.TestPlatform.TestHostRuntimeProvider: Loading assembly 'C:\Program Files\dotnet\sdk\8.0.300\Extensions\Microsoft.TestPlatform.TestHostRuntimeProvider.dll'.
TpTrace Information: 0 : 11732, 1, 2024/08/09, 16:25:19.327, 13291401283, vstest.console.dll, AssemblyResolver.OnResolve: Resolved assembly: Microsoft.TestPlatform.TestHostRuntimeProvider, from path: C:\Program Files\dotnet\sdk\8.0.300\Extensions\Microsoft.TestPlatform.TestHostRuntimeProvider.dll
TpTrace Verbose: 0 : 11732, 1, 2024/08/09, 16:25:19.327, 13291402904, vstest.console.dll, MetadataReaderExtensionsHelper: Discovering extensions inside assembly 'Microsoft.TestPlatform.TestHostRuntimeProvider, Version=15.0.0.0, Culture=neutral, PublicKeyToken=b03f5f7f11d50a3a' file path 'C:\Program Files\dotnet\sdk\8.0.300\Extensions\Microsoft.TestPlatform.TestHostRuntimeProvider.dll'
TpTrace Information: 0 : 11732, 1, 2024/08/09, 16:25:19.329, 13291429294, vstest.console.dll, GetTestExtensionFromType: Register extension with identifier data 'HostProvider://DefaultTestHost' and type 'Microsoft.VisualStudio.TestPlatform.CrossPlatEngine.Hosting.DefaultTestHostManager, Microsoft.TestPlatform.TestHostRuntimeProvider, Version=15.0.0.0, Culture=neutral, PublicKeyToken=b03f5f7f11d50a3a' inside file 'C:\Program Files\dotnet\sdk\8.0.300\Extensions\Microsoft.TestPlatform.TestHostRuntimeProvider.dll'
TpTrace Information: 0 : 11732, 1, 2024/08/09, 16:25:19.330, 13291434739, vstest.console.dll, GetTestExtensionFromType: Register extension with identifier data 'HostProvider://DotnetTestHost' and type 'Microsoft.VisualStudio.TestPlatform.CrossPlatEngine.Hosting.DotnetTestHostManager, Microsoft.TestPlatform.TestHostRuntimeProvider, Version=15.0.0.0, Culture=neutral, PublicKeyToken=b03f5f7f11d50a3a' inside file 'C:\Program Files\dotnet\sdk\8.0.300\Extensions\Microsoft.TestPlatform.TestHostRuntimeProvider.dll'
TpTrace Information: 0 : 11732, 1, 2024/08/09, 16:25:19.330, 13291436358, vstest.console.dll, AssemblyResolver.OnResolve: Microsoft.VisualStudio.TestPlatform.Extensions.Html.TestLogger: Resolving assembly.
TpTrace Information: 0 : 11732, 1, 2024/08/09, 16:25:19.330, 13291437080, vstest.console.dll, AssemblyResolver.OnResolve: Microsoft.VisualStudio.TestPlatform.Extensions.Html.TestLogger: Searching in: 'C:\Program Files\dotnet\sdk\8.0.300\Extensions'.
TpTrace Information: 0 : 11732, 1, 2024/08/09, 16:25:19.331, 13291446115, vstest.console.dll, AssemblyResolver.OnResolve: Microsoft.VisualStudio.TestPlatform.Extensions.Html.TestLogger: Loading assembly 'C:\Program Files\dotnet\sdk\8.0.300\Extensions\Microsoft.VisualStudio.TestPlatform.Extensions.Html.TestLogger.dll'.
TpTrace Information: 0 : 11732, 1, 2024/08/09, 16:25:19.332, 13291454916, vstest.console.dll, AssemblyResolver.OnResolve: Resolved assembly: Microsoft.VisualStudio.TestPlatform.Extensions.Html.TestLogger, from path: C:\Program Files\dotnet\sdk\8.0.300\Extensions\Microsoft.VisualStudio.TestPlatform.Extensions.Html.TestLogger.dll
TpTrace Verbose: 0 : 11732, 1, 2024/08/09, 16:25:19.332, 13291456568, vstest.console.dll, MetadataReaderExtensionsHelper: Discovering extensions inside assembly 'Microsoft.VisualStudio.TestPlatform.Extensions.Html.TestLogger, Version=15.0.0.0, Culture=neutral, PublicKeyToken=b03f5f7f11d50a3a' file path 'C:\Program Files\dotnet\sdk\8.0.300\Extensions\Microsoft.VisualStudio.TestPlatform.Extensions.Html.TestLogger.dll'
TpTrace Information: 0 : 11732, 1, 2024/08/09, 16:25:19.334, 13291472884, vstest.console.dll, AssemblyResolver.OnResolve: Microsoft.VisualStudio.TestPlatform.Extensions.Trx.TestLogger: Resolving assembly.
TpTrace Information: 0 : 11732, 1, 2024/08/09, 16:25:19.334, 13291474179, vstest.console.dll, AssemblyResolver.OnResolve: Microsoft.VisualStudio.TestPlatform.Extensions.Trx.TestLogger: Searching in: 'C:\Program Files\dotnet\sdk\8.0.300\Extensions'.
TpTrace Information: 0 : 11732, 1, 2024/08/09, 16:25:19.335, 13291482618, vstest.console.dll, AssemblyResolver.OnResolve: Microsoft.VisualStudio.TestPlatform.Extensions.Trx.TestLogger: Loading assembly 'C:\Program Files\dotnet\sdk\8.0.300\Extensions\Microsoft.VisualStudio.TestPlatform.Extensions.Trx.TestLogger.dll'.
TpTrace Information: 0 : 11732, 1, 2024/08/09, 16:25:19.336, 13291492031, vstest.console.dll, AssemblyResolver.OnResolve: Resolved assembly: Microsoft.VisualStudio.TestPlatform.Extensions.Trx.TestLogger, from path: C:\Program Files\dotnet\sdk\8.0.300\Extensions\Microsoft.VisualStudio.TestPlatform.Extensions.Trx.TestLogger.dll
TpTrace Verbose: 0 : 11732, 1, 2024/08/09, 16:25:19.336, 13291493515, vstest.console.dll, MetadataReaderExtensionsHelper: Discovering extensions inside assembly 'Microsoft.VisualStudio.TestPlatform.Extensions.Trx.TestLogger, Version=15.0.0.0, Culture=neutral, PublicKeyToken=b03f5f7f11d50a3a' file path 'C:\Program Files\dotnet\sdk\8.0.300\Extensions\Microsoft.VisualStudio.TestPlatform.Extensions.Trx.TestLogger.dll'
TpTrace Verbose: 0 : 11732, 1, 2024/08/09, 16:25:19.338, 13291513139, vstest.console.dll, TestPluginCache: Discovered the extensions using extension path ''.
TpTrace Verbose: 0 : 11732, 1, 2024/08/09, 16:25:19.338, 13291514660, vstest.console.dll, TestPluginCache: Discoverers are ''.
TpTrace Verbose: 0 : 11732, 1, 2024/08/09, 16:25:19.338, 13291515256, vstest.console.dll, TestPluginCache: Executors are ''.
TpTrace Verbose: 0 : 11732, 1, 2024/08/09, 16:25:19.338, 13291515791, vstest.console.dll, TestPluginCache: Executors2 are ''.
TpTrace Verbose: 0 : 11732, 1, 2024/08/09, 16:25:19.338, 13291516304, vstest.console.dll, TestPluginCache: Setting providers are ''.
TpTrace Verbose: 0 : 11732, 1, 2024/08/09, 16:25:19.338, 13291516817, vstest.console.dll, TestPluginCache: Loggers are ''.
TpTrace Verbose: 0 : 11732, 1, 2024/08/09, 16:25:19.338, 13291519319, vstest.console.dll, TestPluginCache: TestHosts are 'HostProvider://DefaultTestHost,HostProvider://DotnetTestHost'.
TpTrace Verbose: 0 : 11732, 1, 2024/08/09, 16:25:19.338, 13291520174, vstest.console.dll, TestPluginCache: DataCollectors are ''.
TpTrace Information: 0 : 11732, 1, 2024/08/09, 16:25:19.359, 13291724610, vstest.console.dll, RunTestsArgumentProcessor:Execute: Test run is starting.
TpTrace Verbose: 0 : 11732, 1, 2024/08/09, 16:25:19.359, 13291726087, vstest.console.dll, RunTestsArgumentProcessor:Execute: Queuing Test run.
TpTrace Information: 0 : 11732, 1, 2024/08/09, 16:25:19.359, 13291729401, vstest.console.dll, TestRequestManager.RunTests: run tests started.
TpTrace Information: 0 : 11732, 1, 2024/08/09, 16:25:19.361, 13291749566, vstest.console.dll, AssemblyMetadataProvider.GetFrameworkName: Determined framework:'.NETCoreApp,Version=v6.0' for source: 'C:\Users\PC\Desktop\2-SeleniumWebDriver\TestProject1\bin\Debug\net6.0\fine-code-coverage\build-output\TestProject1.dll'
TpTrace Information: 0 : 11732, 1, 2024/08/09, 16:25:19.362, 13291754329, vstest.console.dll, Determined framework for all sources: .NETCoreApp,Version=v6.0
TpTrace Verbose: 0 : 11732, 1, 2024/08/09, 16:25:19.362, 13291760255, vstest.console.dll, TestRequestManager.UpdateRunSettingsIfRequired: Default architecture: X64 IsDefaultTargetArchitecture: True, Current process architecture: X64 OperatingSystem: Windows.
TpTrace Information: 0 : 11732, 1, 2024/08/09, 16:25:19.365, 13291786640, vstest.console.dll, AssemblyMetadataProvider.GetArchitecture: Determined architecture:AnyCPU info for assembly: C:\Users\PC\Desktop\2-SeleniumWebDriver\TestProject1\bin\Debug\net6.0\fine-code-coverage\build-output\TestProject1.dll
TpTrace Information: 0 : 11732, 1, 2024/08/09, 16:25:19.365, 13291787890, vstest.console.dll, Determined platform for source 'C:\Users\PC\Desktop\2-SeleniumWebDriver\TestProject1\bin\Debug\net6.0\fine-code-coverage\build-output\TestProject1.dll' was AnyCPU and it will use the default plaform X64.
TpTrace Information: 0 : 11732, 1, 2024/08/09, 16:25:19.365, 13291788554, vstest.console.dll, None of the sources provided any runnable platform, using the default platform: X64
TpTrace Information: 0 : 11732, 1, 2024/08/09, 16:25:19.365, 13291790207, vstest.console.dll, Platform was updated to 'X64'.
TpTrace Information: 0 : 11732, 1, 2024/08/09, 16:25:19.371, 13291848179, vstest.console.dll, InferRunSettingsHelper.IsTestSettingsEnabled: Unable to navigate to RunSettings/MSTest. Current node: RunSettings
TpTrace Information: 0 : 11732, 1, 2024/08/09, 16:25:19.373, 13291861178, vstest.console.dll, AssemblyResolver.OnResolve: Microsoft.VisualStudio.TestPlatform.Fakes: Resolving assembly.
TpTrace Information: 0 : 11732, 1, 2024/08/09, 16:25:19.373, 13291862809, vstest.console.dll, AssemblyResolver.OnResolve: Microsoft.VisualStudio.TestPlatform.Fakes: Searching in: 'C:\Program Files\dotnet\sdk\8.0.300\Extensions'.
TpTrace Information: 0 : 11732, 1, 2024/08/09, 16:25:19.373, 13291864771, vstest.console.dll, AssemblyResolver.OnResolve: Microsoft.VisualStudio.TestPlatform.Fakes: Assembly path does not exist: 'C:\Program Files\dotnet\sdk\8.0.300\Extensions\Microsoft.VisualStudio.TestPlatform.Fakes.dll', returning.
TpTrace Information: 0 : 11732, 1, 2024/08/09, 16:25:19.373, 13291866035, vstest.console.dll, AssemblyResolver.OnResolve: Microsoft.VisualStudio.TestPlatform.Fakes: Assembly path does not exist: 'C:\Program Files\dotnet\sdk\8.0.300\Extensions\Microsoft.VisualStudio.TestPlatform.Fakes.exe', returning.
TpTrace Information: 0 : 11732, 1, 2024/08/09, 16:25:19.373, 13291866715, vstest.console.dll, AssemblyResolver.OnResolve: Microsoft.VisualStudio.TestPlatform.Fakes: Searching in: 'C:\Program Files\dotnet\sdk\8.0.300'.
TpTrace Information: 0 : 11732, 1, 2024/08/09, 16:25:19.373, 13291867900, vstest.console.dll, AssemblyResolver.OnResolve: Microsoft.VisualStudio.TestPlatform.Fakes: Assembly path does not exist: 'C:\Program Files\dotnet\sdk\8.0.300\Microsoft.VisualStudio.TestPlatform.Fakes.dll', returning.
TpTrace Information: 0 : 11732, 1, 2024/08/09, 16:25:19.373, 13291869159, vstest.console.dll, AssemblyResolver.OnResolve: Microsoft.VisualStudio.TestPlatform.Fakes: Assembly path does not exist: 'C:\Program Files\dotnet\sdk\8.0.300\Microsoft.VisualStudio.TestPlatform.Fakes.exe', returning.
TpTrace Information: 0 : 11732, 1, 2024/08/09, 16:25:19.373, 13291869820, vstest.console.dll, AssemblyResolver.OnResolve: Microsoft.VisualStudio.TestPlatform.Fakes: Failed to load assembly.
TpTrace Information: 0 : 11732, 1, 2024/08/09, 16:25:19.374, 13291874090, vstest.console.dll, Failed to load assembly Microsoft.VisualStudio.TestPlatform.Fakes, Version=17.0.0.0, Culture=neutral. Reason:System.IO.FileNotFoundException: Could not load file or assembly 'Microsoft.VisualStudio.TestPlatform.Fakes, Version=17.0.0.0, Culture=neutral, PublicKeyToken=null'. The system cannot find the file specified.
File name: 'Microsoft.VisualStudio.TestPlatform.Fakes, Version=17.0.0.0, Culture=neutral, PublicKeyToken=null'
   at System.Reflection.RuntimeAssembly.InternalLoad(AssemblyName assemblyName, StackCrawlMark& stackMark, AssemblyLoadContext assemblyLoadContext, RuntimeAssembly requestingAssembly, Boolean throwOnFileNotFound)
   at System.Reflection.Assembly.Load(AssemblyName assemblyRef)
   at Microsoft.VisualStudio.TestPlatform.Common.Utilities.FakesUtilities.LoadTestPlatformAssembly() in /_/src/Microsoft.TestPlatform.Common/Utilities/FakesUtilities.cs:line 272
TpTrace Verbose: 0 : 11732, 1, 2024/08/09, 16:25:19.379, 13291924261, vstest.console.dll, TestPluginCache.DiscoverTestExtensions: finding test extensions in assemblies ends with: TestLogger.dll TPluginInfo: Microsoft.VisualStudio.TestPlatform.Common.ExtensionFramework.Utilities.TestLoggerPluginInformation TExtension: Microsoft.VisualStudio.TestPlatform.ObjectModel.Client.ITestLogger
TpTrace Verbose: 0 : 11732, 1, 2024/08/09, 16:25:19.379, 13291926152, vstest.console.dll, TestPluginCache.GetExtensionPaths: Filtered extension paths: 
TpTrace Verbose: 0 : 11732, 1, 2024/08/09, 16:25:19.379, 13291926878, vstest.console.dll, TestPluginCache.GetExtensionPaths: Added default extension paths: C:\Program Files\dotnet\sdk\8.0.300\Extensions\Microsoft.Diagnostics.NETCore.Client.dll
C:\Program Files\dotnet\sdk\8.0.300\Extensions\Microsoft.TestPlatform.Extensions.BlameDataCollector.dll
C:\Program Files\dotnet\sdk\8.0.300\Extensions\Microsoft.TestPlatform.Extensions.EventLogCollector.dll
C:\Program Files\dotnet\sdk\8.0.300\Extensions\Microsoft.TestPlatform.TestHostRuntimeProvider.dll
C:\Program Files\dotnet\sdk\8.0.300\Extensions\Microsoft.VisualStudio.TestPlatform.Extensions.Html.TestLogger.dll
C:\Program Files\dotnet\sdk\8.0.300\Extensions\Microsoft.VisualStudio.TestPlatform.Extensions.Trx.TestLogger.dll
TpTrace Verbose: 0 : 11732, 1, 2024/08/09, 16:25:19.379, 13291927706, vstest.console.dll, TestPluginCache.GetExtensionPaths: Added unfilterableExtensionPaths: 
TpTrace Information: 0 : 11732, 1, 2024/08/09, 16:25:19.379, 13291929857, vstest.console.dll, AssemblyResolver.AddSearchDirectories: Adding more searchDirectories C:\Program Files\dotnet\sdk\8.0.300\Extensions,C:\Program Files\dotnet\sdk\8.0.300
TpTrace Verbose: 0 : 11732, 1, 2024/08/09, 16:25:19.379, 13291930718, vstest.console.dll, TestPluginCache.DiscoverTestExtensions: Discovering the extensions using extension path.
TpTrace Verbose: 0 : 11732, 1, 2024/08/09, 16:25:19.380, 13291931453, vstest.console.dll, TestPluginCache.GetExtensionPaths: Filtered extension paths: 
TpTrace Verbose: 0 : 11732, 1, 2024/08/09, 16:25:19.381, 13291949056, vstest.console.dll, TestPluginCache.GetExtensionPaths: Added default extension paths: C:\Program Files\dotnet\sdk\8.0.300\Extensions\Microsoft.Diagnostics.NETCore.Client.dll
C:\Program Files\dotnet\sdk\8.0.300\Extensions\Microsoft.TestPlatform.Extensions.BlameDataCollector.dll
C:\Program Files\dotnet\sdk\8.0.300\Extensions\Microsoft.TestPlatform.Extensions.EventLogCollector.dll
C:\Program Files\dotnet\sdk\8.0.300\Extensions\Microsoft.TestPlatform.TestHostRuntimeProvider.dll
C:\Program Files\dotnet\sdk\8.0.300\Extensions\Microsoft.VisualStudio.TestPlatform.Extensions.Html.TestLogger.dll
C:\Program Files\dotnet\sdk\8.0.300\Extensions\Microsoft.VisualStudio.TestPlatform.Extensions.Trx.TestLogger.dll
TpTrace Verbose: 0 : 11732, 1, 2024/08/09, 16:25:19.381, 13291950699, vstest.console.dll, TestPluginCache.GetExtensionPaths: Added unfilterableExtensionPaths: 
TpTrace Verbose: 0 : 11732, 1, 2024/08/09, 16:25:19.382, 13291951459, vstest.console.dll, TestPluginCache.DiscoverTestExtensions: Discovering the extensions using allExtensionPaths: C:\Program Files\dotnet\sdk\8.0.300\Extensions\Microsoft.Diagnostics.NETCore.Client.dll
C:\Program Files\dotnet\sdk\8.0.300\Extensions\Microsoft.TestPlatform.Extensions.BlameDataCollector.dll
C:\Program Files\dotnet\sdk\8.0.300\Extensions\Microsoft.TestPlatform.Extensions.EventLogCollector.dll
C:\Program Files\dotnet\sdk\8.0.300\Extensions\Microsoft.TestPlatform.TestHostRuntimeProvider.dll
C:\Program Files\dotnet\sdk\8.0.300\Extensions\Microsoft.VisualStudio.TestPlatform.Extensions.Html.TestLogger.dll
C:\Program Files\dotnet\sdk\8.0.300\Extensions\Microsoft.VisualStudio.TestPlatform.Extensions.Trx.TestLogger.dll
TpTrace Information: 0 : 11732, 1, 2024/08/09, 16:25:19.382, 13291953400, vstest.console.dll, AssemblyResolver.AddSearchDirectories: Adding more searchDirectories C:\Program Files\dotnet\sdk\8.0.300\Extensions,C:\Program Files\dotnet\sdk\8.0.300
TpTrace Information: 0 : 11732, 1, 2024/08/09, 16:25:19.382, 13291954284, vstest.console.dll, AssemblyResolver.AddSearchDirectories: Adding more searchDirectories C:\Program Files\dotnet\sdk\8.0.300\Extensions,C:\Program Files\dotnet\sdk\8.0.300
TpTrace Information: 0 : 11732, 1, 2024/08/09, 16:25:19.382, 13291955010, vstest.console.dll, AssemblyResolver.AddSearchDirectories: Adding more searchDirectories C:\Program Files\dotnet\sdk\8.0.300\Extensions,C:\Program Files\dotnet\sdk\8.0.300
TpTrace Information: 0 : 11732, 1, 2024/08/09, 16:25:19.382, 13291955705, vstest.console.dll, AssemblyResolver.AddSearchDirectories: Adding more searchDirectories C:\Program Files\dotnet\sdk\8.0.300\Extensions,C:\Program Files\dotnet\sdk\8.0.300
TpTrace Information: 0 : 11732, 1, 2024/08/09, 16:25:19.382, 13291956415, vstest.console.dll, AssemblyResolver.AddSearchDirectories: Adding more searchDirectories C:\Program Files\dotnet\sdk\8.0.300\Extensions,C:\Program Files\dotnet\sdk\8.0.300
TpTrace Information: 0 : 11732, 1, 2024/08/09, 16:25:19.382, 13291957159, vstest.console.dll, AssemblyResolver.AddSearchDirectories: Adding more searchDirectories C:\Program Files\dotnet\sdk\8.0.300\Extensions,C:\Program Files\dotnet\sdk\8.0.300
TpTrace Verbose: 0 : 11732, 1, 2024/08/09, 16:25:19.382, 13291958830, vstest.console.dll, MetadataReaderExtensionsHelper: Discovering extensions inside assembly 'Microsoft.Diagnostics.NETCore.Client, Version=0.2.10.15101, Culture=neutral, PublicKeyToken=31bf3856ad364e35' file path 'C:\Program Files\dotnet\sdk\8.0.300\Extensions\Microsoft.Diagnostics.NETCore.Client.dll'
TpTrace Information: 0 : 11732, 1, 2024/08/09, 16:25:19.384, 13291972175, vstest.console.dll, AssemblyResolver.OnResolve: Microsoft.Bcl.AsyncInterfaces: Resolving assembly.
TpTrace Information: 0 : 11732, 1, 2024/08/09, 16:25:19.384, 13291973434, vstest.console.dll, AssemblyResolver.OnResolve: Microsoft.Bcl.AsyncInterfaces: Resolved from cache.
TpTrace Verbose: 0 : 11732, 1, 2024/08/09, 16:25:19.384, 13291977511, vstest.console.dll, CurrentDomainAssemblyResolve: Resolving assembly 'Microsoft.Bcl.AsyncInterfaces'.
TpTrace Information: 0 : 11732, 1, 2024/08/09, 16:25:19.384, 13291978564, vstest.console.dll, AssemblyResolver.OnResolve: Microsoft.Bcl.AsyncInterfaces: Resolving assembly.
TpTrace Information: 0 : 11732, 1, 2024/08/09, 16:25:19.384, 13291979208, vstest.console.dll, AssemblyResolver.OnResolve: Microsoft.Bcl.AsyncInterfaces: Resolved from cache.
TpTrace Verbose: 0 : 11732, 1, 2024/08/09, 16:25:19.384, 13291979815, vstest.console.dll, CurrentDomainAssemblyResolve: Resolving assembly 'Microsoft.Bcl.AsyncInterfaces'.
TpTrace Verbose: 0 : 11732, 1, 2024/08/09, 16:25:19.384, 13291980462, vstest.console.dll, CurrentDomainAssemblyResolve: Failed to resolve assembly 'Microsoft.Bcl.AsyncInterfaces'.
TpTrace Verbose: 0 : 11732, 1, 2024/08/09, 16:25:19.385, 13291982645, vstest.console.dll, CurrentDomainAssemblyResolve: Failed to resolve assembly 'Microsoft.Bcl.AsyncInterfaces'.
TpTrace Warning: 0 : 11732, 1, 2024/08/09, 16:25:19.385, 13291989872, vstest.console.dll, TestPluginDiscoverer: Failed to get types from assembly 'Microsoft.Diagnostics.NETCore.Client, Version=0.2.10.15101, Culture=neutral, PublicKeyToken=31bf3856ad364e35'. Error: System.Reflection.ReflectionTypeLoadException: Unable to load one or more of the requested types.
Could not load file or assembly 'Microsoft.Bcl.AsyncInterfaces, Version=6.0.0.0, Culture=neutral, PublicKeyToken=cc7b13ffcd2ddd51'. The system cannot find the file specified.
   at System.Reflection.RuntimeModule.GetTypes(RuntimeModule module)
   at System.Reflection.RuntimeModule.GetTypes()
   at Microsoft.VisualStudio.TestPlatform.Common.ExtensionFramework.TestPluginDiscoverer.GetTestExtensionsFromAssembly[TPluginInfo,TExtension](Assembly assembly, Dictionary`2 pluginInfos, String filePath) in /_/src/Microsoft.TestPlatform.Common/ExtensionFramework/TestPluginDiscoverer.cs:line 158
System.IO.FileNotFoundException: Could not load file or assembly 'Microsoft.Bcl.AsyncInterfaces, Version=6.0.0.0, Culture=neutral, PublicKeyToken=cc7b13ffcd2ddd51'. The system cannot find the file specified.
File name: 'Microsoft.Bcl.AsyncInterfaces, Version=6.0.0.0, Culture=neutral, PublicKeyToken=cc7b13ffcd2ddd51'
 ---> System.IO.FileNotFoundException: Could not load file or assembly 'Microsoft.Bcl.AsyncInterfaces, Culture=neutral, PublicKeyToken=null'. The system cannot find the file specified.
File name: 'Microsoft.Bcl.AsyncInterfaces, Culture=neutral, PublicKeyToken=null'
   at System.Reflection.RuntimeAssembly.InternalLoad(AssemblyName assemblyName, StackCrawlMark& stackMark, AssemblyLoadContext assemblyLoadContext, RuntimeAssembly requestingAssembly, Boolean throwOnFileNotFound)
   at System.Reflection.Assembly.Load(AssemblyName assemblyRef)
   at Microsoft.VisualStudio.TestPlatform.Common.ExtensionFramework.TestPluginCache.CurrentDomainAssemblyResolve(Object sender, AssemblyResolveEventArgs args) in /_/src/Microsoft.TestPlatform.Common/ExtensionFramework/TestPluginCache.cs:line 513
   at System.Runtime.Loader.AssemblyLoadContext.GetFirstResolvedAssemblyFromResolvingEvent(AssemblyName assemblyName)
   at System.Runtime.Loader.AssemblyLoadContext.ResolveUsingEvent(AssemblyName assemblyName)
   at System.Runtime.Loader.AssemblyLoadContext.ResolveUsingResolvingEvent(IntPtr gchManagedAssemblyLoadContext, AssemblyName assemblyName)
TpTrace Warning: 0 : 11732, 1, 2024/08/09, 16:25:19.386, 13291992380, vstest.console.dll, LoaderExceptions: System.IO.FileNotFoundException: Could not load file or assembly 'Microsoft.Bcl.AsyncInterfaces, Version=6.0.0.0, Culture=neutral, PublicKeyToken=cc7b13ffcd2ddd51'. The system cannot find the file specified.
File name: 'Microsoft.Bcl.AsyncInterfaces, Version=6.0.0.0, Culture=neutral, PublicKeyToken=cc7b13ffcd2ddd51'
 ---> System.IO.FileNotFoundException: Could not load file or assembly 'Microsoft.Bcl.AsyncInterfaces, Culture=neutral, PublicKeyToken=null'. The system cannot find the file specified.
File name: 'Microsoft.Bcl.AsyncInterfaces, Culture=neutral, PublicKeyToken=null'
   at System.Reflection.RuntimeAssembly.InternalLoad(AssemblyName assemblyName, StackCrawlMark& stackMark, AssemblyLoadContext assemblyLoadContext, RuntimeAssembly requestingAssembly, Boolean throwOnFileNotFound)
   at System.Reflection.Assembly.Load(AssemblyName assemblyRef)
   at Microsoft.VisualStudio.TestPlatform.Common.ExtensionFramework.TestPluginCache.CurrentDomainAssemblyResolve(Object sender, AssemblyResolveEventArgs args) in /_/src/Microsoft.TestPlatform.Common/ExtensionFramework/TestPluginCache.cs:line 513
   at System.Runtime.Loader.AssemblyLoadContext.GetFirstResolvedAssemblyFromResolvingEvent(AssemblyName assemblyName)
   at System.Runtime.Loader.AssemblyLoadContext.ResolveUsingEvent(AssemblyName assemblyName)
   at System.Runtime.Loader.AssemblyLoadContext.ResolveUsingResolvingEvent(IntPtr gchManagedAssemblyLoadContext, AssemblyName assemblyName)
TpTrace Verbose: 0 : 11732, 1, 2024/08/09, 16:25:19.386, 13291993712, vstest.console.dll, MetadataReaderExtensionsHelper: Discovering extensions inside assembly 'Microsoft.TestPlatform.Extensions.BlameDataCollector, Version=15.0.0.0, Culture=neutral, PublicKeyToken=b03f5f7f11d50a3a' file path 'C:\Program Files\dotnet\sdk\8.0.300\Extensions\Microsoft.TestPlatform.Extensions.BlameDataCollector.dll'
TpTrace Information: 0 : 11732, 1, 2024/08/09, 16:25:19.387, 13292007493, vstest.console.dll, GetTestExtensionFromType: Register extension with identifier data 'logger://Microsoft/TestPlatform/Extensions/Blame/v1' and type 'Microsoft.TestPlatform.Extensions.BlameDataCollector.BlameLogger, Microsoft.TestPlatform.Extensions.BlameDataCollector, Version=15.0.0.0, Culture=neutral, PublicKeyToken=b03f5f7f11d50a3a' inside file 'C:\Program Files\dotnet\sdk\8.0.300\Extensions\Microsoft.TestPlatform.Extensions.BlameDataCollector.dll'
TpTrace Verbose: 0 : 11732, 1, 2024/08/09, 16:25:19.387, 13292008978, vstest.console.dll, MetadataReaderExtensionsHelper: Discovering extensions inside assembly 'Microsoft.TestPlatform.Extensions.EventLogCollector, Version=15.0.0.0, Culture=neutral, PublicKeyToken=b03f5f7f11d50a3a' file path 'C:\Program Files\dotnet\sdk\8.0.300\Extensions\Microsoft.TestPlatform.Extensions.EventLogCollector.dll'
TpTrace Verbose: 0 : 11732, 1, 2024/08/09, 16:25:19.388, 13292020720, vstest.console.dll, MetadataReaderExtensionsHelper: Discovering extensions inside assembly 'Microsoft.TestPlatform.TestHostRuntimeProvider, Version=15.0.0.0, Culture=neutral, PublicKeyToken=b03f5f7f11d50a3a' file path 'C:\Program Files\dotnet\sdk\8.0.300\Extensions\Microsoft.TestPlatform.TestHostRuntimeProvider.dll'
TpTrace Verbose: 0 : 11732, 1, 2024/08/09, 16:25:19.389, 13292029129, vstest.console.dll, MetadataReaderExtensionsHelper: Discovering extensions inside assembly 'Microsoft.VisualStudio.TestPlatform.Extensions.Html.TestLogger, Version=15.0.0.0, Culture=neutral, PublicKeyToken=b03f5f7f11d50a3a' file path 'C:\Program Files\dotnet\sdk\8.0.300\Extensions\Microsoft.VisualStudio.TestPlatform.Extensions.Html.TestLogger.dll'
TpTrace Information: 0 : 11732, 1, 2024/08/09, 16:25:19.391, 13292043434, vstest.console.dll, GetTestExtensionFromType: Register extension with identifier data 'logger://Microsoft/TestPlatform/HtmlLogger/v1' and type 'Microsoft.VisualStudio.TestPlatform.Extensions.HtmlLogger.HtmlLogger, Microsoft.VisualStudio.TestPlatform.Extensions.Html.TestLogger, Version=15.0.0.0, Culture=neutral, PublicKeyToken=b03f5f7f11d50a3a' inside file 'C:\Program Files\dotnet\sdk\8.0.300\Extensions\Microsoft.VisualStudio.TestPlatform.Extensions.Html.TestLogger.dll'
TpTrace Verbose: 0 : 11732, 1, 2024/08/09, 16:25:19.391, 13292045896, vstest.console.dll, MetadataReaderExtensionsHelper: Discovering extensions inside assembly 'Microsoft.VisualStudio.TestPlatform.Extensions.Trx.TestLogger, Version=15.0.0.0, Culture=neutral, PublicKeyToken=b03f5f7f11d50a3a' file path 'C:\Program Files\dotnet\sdk\8.0.300\Extensions\Microsoft.VisualStudio.TestPlatform.Extensions.Trx.TestLogger.dll'
TpTrace Information: 0 : 11732, 1, 2024/08/09, 16:25:19.392, 13292055635, vstest.console.dll, GetTestExtensionFromType: Register extension with identifier data 'logger://Microsoft/TestPlatform/TrxLogger/v1' and type 'Microsoft.VisualStudio.TestPlatform.Extensions.TrxLogger.TrxLogger, Microsoft.VisualStudio.TestPlatform.Extensions.Trx.TestLogger, Version=15.0.0.0, Culture=neutral, PublicKeyToken=b03f5f7f11d50a3a' inside file 'C:\Program Files\dotnet\sdk\8.0.300\Extensions\Microsoft.VisualStudio.TestPlatform.Extensions.Trx.TestLogger.dll'
TpTrace Verbose: 0 : 11732, 1, 2024/08/09, 16:25:19.392, 13292057122, vstest.console.dll, TestPluginCache: Discovered the extensions using extension path ''.
TpTrace Verbose: 0 : 11732, 1, 2024/08/09, 16:25:19.392, 13292057799, vstest.console.dll, TestPluginCache: Discoverers are ''.
TpTrace Verbose: 0 : 11732, 1, 2024/08/09, 16:25:19.392, 13292058383, vstest.console.dll, TestPluginCache: Executors are ''.
TpTrace Verbose: 0 : 11732, 1, 2024/08/09, 16:25:19.392, 13292058946, vstest.console.dll, TestPluginCache: Executors2 are ''.
TpTrace Verbose: 0 : 11732, 1, 2024/08/09, 16:25:19.392, 13292059517, vstest.console.dll, TestPluginCache: Setting providers are ''.
TpTrace Verbose: 0 : 11732, 1, 2024/08/09, 16:25:19.393, 13292060909, vstest.console.dll, TestPluginCache: Loggers are 'logger://Microsoft/TestPlatform/Extensions/Blame/v1,logger://Microsoft/TestPlatform/HtmlLogger/v1,logger://Microsoft/TestPlatform/TrxLogger/v1'.
TpTrace Verbose: 0 : 11732, 1, 2024/08/09, 16:25:19.393, 13292061787, vstest.console.dll, TestPluginCache: TestHosts are 'HostProvider://DefaultTestHost,HostProvider://DotnetTestHost'.
TpTrace Verbose: 0 : 11732, 1, 2024/08/09, 16:25:19.393, 13292062457, vstest.console.dll, TestPluginCache: DataCollectors are ''.
TpTrace Information: 0 : 11732, 1, 2024/08/09, 16:25:19.394, 13292078604, vstest.console.dll, TestPluginManager.CreateTestExtension: Attempting to load test extension: Microsoft.TestPlatform.Extensions.BlameDataCollector.BlameLogger
TpTrace Verbose: 0 : 11732, 1, 2024/08/09, 16:25:19.406, 13292193545, vstest.console.dll, TestEngine: Initializing Parallel Execution as MaxCpuCount is set to: 1
TpTrace Information: 0 : 11732, 1, 2024/08/09, 16:25:19.408, 13292213518, vstest.console.dll, TestPluginManager.CreateTestExtension: Attempting to load test extension: Microsoft.VisualStudio.TestPlatform.CrossPlatEngine.Hosting.DefaultTestHostManager
TpTrace Information: 0 : 11732, 1, 2024/08/09, 16:25:19.410, 13292231549, vstest.console.dll, TestPluginManager.CreateTestExtension: Attempting to load test extension: Microsoft.VisualStudio.TestPlatform.CrossPlatEngine.Hosting.DotnetTestHostManager
TpTrace Information: 0 : 11732, 1, 2024/08/09, 16:25:19.411, 13292241286, vstest.console.dll, InferRunSettingsHelper.IsTestSettingsEnabled: Unable to navigate to RunSettings/MSTest. Current node: RunSettings
TpTrace Verbose: 0 : 11732, 1, 2024/08/09, 16:25:19.411, 13292249760, vstest.console.dll, ParallelOperationManager.ClearSlots: Clearing all slots. Slots should accept more work: True
TpTrace Verbose: 0 : 11732, 1, 2024/08/09, 16:25:19.412, 13292258236, vstest.console.dll, ParallelOperationManager.SetOccupiedSlotCount: Setting slot counts AvailableSlotCount = 1, OccupiedSlotCount = 0.
TpTrace Verbose: 0 : 11732, 1, 2024/08/09, 16:25:19.413, 13292263743, vstest.console.dll, Occupied slots:

TpTrace Verbose: 0 : 11732, 1, 2024/08/09, 16:25:19.417, 13292307867, vstest.console.dll, TestEngine.GetExecutionManager: Chosen execution manager 'Microsoft.VisualStudio.TestPlatform.CrossPlatEngine.Client.Parallel.ParallelProxyExecutionManager, Microsoft.TestPlatform.CrossPlatEngine, Version=15.0.0.0, Culture=neutral, PublicKeyToken=b03f5f7f11d50a3a' ParallelLevel '1'.
TpTrace Verbose: 0 : 11732, 1, 2024/08/09, 16:25:19.417, 13292309899, vstest.console.dll, TestRunRequest.ExecuteAsync: Creating test run request.
TpTrace Verbose: 0 : 11732, 1, 2024/08/09, 16:25:19.418, 13292313229, vstest.console.dll, TestRunRequest.ExecuteAsync: Starting.
TpTrace Information: 0 : 11732, 1, 2024/08/09, 16:25:19.421, 13292344731, vstest.console.dll, TestRunRequest.ExecuteAsync: Starting run with settings:TestRunCriteria:
   KeepAlive=False,FrequencyOfRunStatsChangeEvent=10,RunStatsChangeEventTimeout=00:00:01.5000000,TestCaseFilter=,TestExecutorLauncher=
   Settingsxml=<RunSettings>
  <RunConfiguration>
    <ResultsDirectory>C:\Users\PC\Desktop\2-SeleniumWebDriver\TestProject1\bin\Debug\net6.0\fine-code-coverage\coverage-tool-output</ResultsDirectory>
    <TargetPlatform>X64</TargetPlatform>
    <TargetFrameworkVersion>.NETCoreApp,Version=v6.0</TargetFrameworkVersion>
    <DesignMode>False</DesignMode>
    <CollectSourceInformation>False</CollectSourceInformation>
  </RunConfiguration>
  <LoggerRunSettings>
    <Loggers>
      <Logger friendlyName="blame" enabled="True" />
      <Logger friendlyName="Console" uri="logger://microsoft/TestPlatform/ConsoleLogger/v1" assemblyQualifiedName="Microsoft.VisualStudio.TestPlatform.CommandLine.Internal.ConsoleLogger, vstest.console, Version=15.0.0.0, Culture=neutral, PublicKeyToken=b03f5f7f11d50a3a" codeBase="C:\Program Files\dotnet\sdk\8.0.300\vstest.console.dll" enabled="True" />
    </Loggers>
  </LoggerRunSettings>
  <DataCollectionRunSettings>
    <DataCollectors>
      <DataCollector friendlyName="blame" enabled="True">
        <Configuration>
          <ResultsDirectory>C:\Users\PC\Desktop\2-SeleniumWebDriver\TestProject1\bin\Debug\net6.0\fine-code-coverage\coverage-tool-output</ResultsDirectory>
        </Configuration>
      </DataCollector>
    </DataCollectors>
  </DataCollectionRunSettings>
</RunSettings>

TpTrace Verbose: 0 : 11732, 1, 2024/08/09, 16:25:19.421, 13292346004, vstest.console.dll, TestRunRequest.ExecuteAsync: Wait for the first run request is over.
TpTrace Verbose: 0 : 11732, 1, 2024/08/09, 16:25:19.422, 13292351090, vstest.console.dll, MulticastDelegateUtilities.SafeInvoke: TestRun.TestRunStart: Invoking callbacks was skipped because there are no subscribers.
TpTrace Verbose: 0 : 11732, 4, 2024/08/09, 16:25:19.422, 13292354889, vstest.console.dll, MulticastDelegateUtilities.SafeInvoke: InternalTestLoggerEvents.SendTestRunStart: Invoking callback 1/1 for Microsoft.VisualStudio.TestPlatform.CommandLine.Internal.ConsoleLogger., took 0 ms.
TpTrace Verbose: 0 : 11732, 1, 2024/08/09, 16:25:19.423, 13292369719, vstest.console.dll, ParallelProxyExecutionManager: Start execution. Total sources: 1
TpTrace Verbose: 0 : 11732, 1, 2024/08/09, 16:25:19.424, 13292375131, vstest.console.dll, ParallelOperationManager.StartWork: Starting adding 1 workloads.
TpTrace Verbose: 0 : 11732, 1, 2024/08/09, 16:25:19.424, 13292376224, vstest.console.dll, ParallelOperationManager.ClearSlots: Clearing all slots. Slots should accept more work: True
TpTrace Verbose: 0 : 11732, 1, 2024/08/09, 16:25:19.424, 13292377391, vstest.console.dll, ParallelOperationManager.SetOccupiedSlotCount: Setting slot counts AvailableSlotCount = 1, OccupiedSlotCount = 0.
TpTrace Verbose: 0 : 11732, 1, 2024/08/09, 16:25:19.424, 13292378139, vstest.console.dll, Occupied slots:

TpTrace Verbose: 0 : 11732, 1, 2024/08/09, 16:25:19.426, 13292400777, vstest.console.dll, TestRequestSender is acting as server.
TpTrace Verbose: 0 : 11732, 1, 2024/08/09, 16:25:19.428, 13292417394, vstest.console.dll, ParallelOperationManager.RunWorkInParallel: Adding 1 workload to slot, remaining workloads 0.
TpTrace Verbose: 0 : 11732, 1, 2024/08/09, 16:25:19.428, 13292418546, vstest.console.dll, ParallelOperationManager.SetOccupiedSlotCount: Setting slot counts AvailableSlotCount = 0, OccupiedSlotCount = 1.
TpTrace Verbose: 0 : 11732, 1, 2024/08/09, 16:25:19.428, 13292420580, vstest.console.dll, Occupied slots:
0: C:\Users\PC\Desktop\2-SeleniumWebDriver\TestProject1\bin\Debug\net6.0\fine-code-coverage\build-output\TestProject1.dll
TpTrace Verbose: 0 : 11732, 1, 2024/08/09, 16:25:19.430, 13292436359, vstest.console.dll, ParallelOperationManager.RunWorkInParallel: Started host in slot number 0 for work (source): C:\Users\PC\Desktop\2-SeleniumWebDriver\TestProject1\bin\Debug\net6.0\fine-code-coverage\build-output\TestProject1.dll.
TpTrace Verbose: 0 : 11732, 1, 2024/08/09, 16:25:19.431, 13292449985, vstest.console.dll, ParallelOperationManager.RunWorkInParallel: We started 1 work items, which is the max parallel level. Won't start more work.
TpTrace Verbose: 0 : 11732, 1, 2024/08/09, 16:25:19.432, 13292451756, vstest.console.dll, ParallelOperationManager.RunWorkInParallel: We started 1 work items in here, returning True.
TpTrace Information: 0 : 11732, 1, 2024/08/09, 16:25:19.432, 13292453128, vstest.console.dll, TestRunRequest.ExecuteAsync: Started.
TpTrace Verbose: 0 : 11732, 5, 2024/08/09, 16:25:19.432, 13292453468, vstest.console.dll, ParallelProxyExecutionManager.StartTestRunOnConcurrentManager: Initializing uninitialized client. Started clients: 0
TpTrace Verbose: 0 : 11732, 5, 2024/08/09, 16:25:19.432, 13292456823, vstest.console.dll, DataCollectionRequestSender.InitializeCommunication : Initialize communication. 
TpTrace Verbose: 0 : 11732, 1, 2024/08/09, 16:25:19.433, 13292467094, vstest.console.dll, TestRunRequest.WaitForCompletion: Waiting with timeout -1.
TpTrace Information: 0 : 11732, 5, 2024/08/09, 16:25:19.444, 13292574100, vstest.console.dll, Listening on Endpoint : 127.0.0.1:52195
TpTrace Verbose: 0 : 11732, 5, 2024/08/09, 16:25:19.453, 13292663654, vstest.console.dll, DotnetDataCollectionLauncher: Adding  --runtimeconfig "C:\Program Files\dotnet\sdk\8.0.300\datacollector.runtimeconfig.json" in args
TpTrace Verbose: 0 : 11732, 5, 2024/08/09, 16:25:19.453, 13292665435, vstest.console.dll, DotnetDataCollectionLauncher: Adding  --depsfile "C:\Program Files\dotnet\sdk\8.0.300\datacollector.deps.json" in args
TpTrace Verbose: 0 : 11732, 5, 2024/08/09, 16:25:19.453, 13292668481, vstest.console.dll, DotnetDataCollectionLauncher: Full path of dotnet.exe is C:\Program Files\dotnet\dotnet.exe
TpTrace Information: 0 : 11732, 5, 2024/08/09, 16:25:19.462, 13292758650, vstest.console.dll, ProxyDataCollectionManager.Initialize: Launched datacollector processId: 5604 port: 52195
TpTrace Information: 0 : 11732, 5, 2024/08/09, 16:25:19.463, 13292761723, vstest.console.dll, ProxyDataCollectionManager.Initialize: waiting for connection with timeout: 90 seconds
TpTrace Verbose: 0 : 11732, 5, 2024/08/09, 16:25:19.463, 13292763471, vstest.console.dll, DataCollectionRequestSender.WaitForRequestHandlerConnection : Waiting for connection with timeout: 90000
TpTrace Information: 0 : 11732, 11, 2024/08/09, 16:25:19.770, 13295834217, vstest.console.dll, Using the buffer size of 16384 bytes
TpTrace Verbose: 0 : 11732, 5, 2024/08/09, 16:25:19.770, 13295834378, vstest.console.dll, SocketCommunicationManager.WaitForClientConnection took: 306 ms, with 90000 ms timeout, and finished with True.
TpTrace Information: 0 : 11732, 11, 2024/08/09, 16:25:19.770, 13295837436, vstest.console.dll, Accepted Client request and set the flag
TpTrace Verbose: 0 : 11732, 5, 2024/08/09, 16:25:19.770, 13295840152, vstest.console.dll, ProxyDataCollectionManager.InvokeDataCollectionServiceAction: Starting.
TpTrace Information: 0 : 11732, 5, 2024/08/09, 16:25:19.771, 13295842213, vstest.console.dll, ProxyDataCollectionManager.BeforeTestRunStart: Get environment variable and port for datacollector processId: 5604 port: 52195
TpTrace Verbose: 0 : 11732, 5, 2024/08/09, 16:25:19.771, 13295845142, vstest.console.dll, DataCollectionRequestSender.SendBeforeTestRunStartAndGetResult: Send BeforeTestRunStart message with settingsXml <RunSettings><RunConfiguration><ResultsDirectory>C:\Users\PC\Desktop\2-SeleniumWebDriver\TestProject1\bin\Debug\net6.0\fine-code-coverage\coverage-tool-output</ResultsDirectory><TargetPlatform>X64</TargetPlatform><TargetFrameworkVersion>.NETCoreApp,Version=v6.0</TargetFrameworkVersion><DesignMode>False</DesignMode><CollectSourceInformation>False</CollectSourceInformation><TestAdaptersPaths>C:\Program Files\dotnet\sdk\8.0.300\Extensions</TestAdaptersPaths></RunConfiguration><LoggerRunSettings><Loggers><Logger friendlyName="blame" enabled="True" /><Logger friendlyName="Console" uri="logger://microsoft/TestPlatform/ConsoleLogger/v1" assemblyQualifiedName="Microsoft.VisualStudio.TestPlatform.CommandLine.Internal.ConsoleLogger, vstest.console, Version=15.0.0.0, Culture=neutral, PublicKeyToken=b03f5f7f11d50a3a" codeBase="C:\Program Files\dotnet\sdk\8.0.300\vstest.console.dll" enabled="True" /></Loggers></LoggerRunSettings><DataCollectionRunSettings><DataCollectors><DataCollector friendlyName="blame" enabled="True"><Configuration><ResultsDirectory>C:\Users\PC\Desktop\2-SeleniumWebDriver\TestProject1\bin\Debug\net6.0\fine-code-coverage\coverage-tool-output</ResultsDirectory></Configuration></DataCollector></DataCollectors></DataCollectionRunSettings></RunSettings> and sources System.Collections.Generic.List`1[System.String]: 
TpTrace Verbose: 0 : 11732, 5, 2024/08/09, 16:25:19.911, 13297250223, vstest.console.dll, DataCollectionRequestSender.SendBeforeTestRunStartAndGetResult: Received message: (DataCollection.SendMessage) -> {"MessageType":"DataCollection.SendMessage","Payload":{"FriendlyName":null,"Uri":null,"TestCaseId":"00000000-0000-0000-0000-000000000000","Message":"Logging DataCollector Diagnostics in file: C:\\Users\\PC\\Desktop\\2-SeleniumWebDriver\\TestProject1\\bin\\Debug\\net6.0\\fine-code-coverage\\coverage-tool-output\\diagnostics.datacollector.24-08-09_16-25-19_45287_5.log","Level":0}}
TpTrace Verbose: 0 : 11732, 5, 2024/08/09, 16:25:20.046, 13298594522, vstest.console.dll, DataCollectionRequestSender.SendBeforeTestRunStartAndGetResult: Received message: (DataCollection.BeforeTestRunStartResult) -> {"MessageType":"DataCollection.BeforeTestRunStartResult","Payload":{"EnvironmentVariables":{},"DataCollectionEventsPort":52197}}
TpTrace Information: 0 : 11732, 5, 2024/08/09, 16:25:20.053, 13298660842, vstest.console.dll, ProxyDataCollectionManager.BeforeTestRunStart: SendBeforeTestRunStartAndGetResult successful, env variable from datacollector:   and testhost port: 52197
TpTrace Information: 0 : 11732, 5, 2024/08/09, 16:25:20.053, 13298662703, vstest.console.dll, ProxyDataCollectionManager.InvokeDataCollectionServiceAction: Completed.
TpTrace Verbose: 0 : 11732, 5, 2024/08/09, 16:25:20.053, 13298663758, vstest.console.dll, ParallelProxyExecutionManager.StartTestRunOnConcurrentManager: Initializing test run. Started clients: 0
TpTrace Verbose: 0 : 11732, 5, 2024/08/09, 16:25:20.053, 13298666574, vstest.console.dll, ProxyExecutionManager: Test host is always Lazy initialize.
TpTrace Verbose: 0 : 11732, 5, 2024/08/09, 16:25:20.053, 13298669893, vstest.console.dll, TestRequestSender.InitializeCommunication: initialize communication. 
TpTrace Information: 0 : 11732, 5, 2024/08/09, 16:25:20.054, 13298678948, vstest.console.dll, SocketServer.Start: Listening on endpoint : 127.0.0.1:52198
TpTrace Verbose: 0 : 11732, 5, 2024/08/09, 16:25:20.055, 13298690108, vstest.console.dll, DotnetTestHostmanager.GetTestHostProcessStartInfo: Platform environment 'X64' target architecture 'X64' framework '.NETCoreApp,Version=v6.0' OS 'Windows'
TpTrace Verbose: 0 : 11732, 5, 2024/08/09, 16:25:20.056, 13298693763, vstest.console.dll, DotnetTestHostmanager: Adding  --runtimeconfig "C:\Users\PC\Desktop\2-SeleniumWebDriver\TestProject1\bin\Debug\net6.0\fine-code-coverage\build-output\TestProject1.runtimeconfig.json" in args
TpTrace Verbose: 0 : 11732, 5, 2024/08/09, 16:25:20.056, 13298695392, vstest.console.dll, DotnetTestHostmanager: Adding  --depsfile "C:\Users\PC\Desktop\2-SeleniumWebDriver\TestProject1\bin\Debug\net6.0\fine-code-coverage\build-output\TestProject1.deps.json" in args
TpTrace Verbose: 0 : 11732, 5, 2024/08/09, 16:25:20.056, 13298698098, vstest.console.dll, DotnetTestHostmanager.IsWinOnArm: Current PROCESSOR_ARCHITECTURE from environment variable 'AMD64'
TpTrace Verbose: 0 : 11732, 5, 2024/08/09, 16:25:20.056, 13298699096, vstest.console.dll, DotnetTestHostmanager.IsWinOnArm: Is Windows on ARM 'False'
TpTrace Verbose: 0 : 11732, 5, 2024/08/09, 16:25:20.057, 13298700458, vstest.console.dll, DotnetTestHostManager: testhost.exe found at path: C:\Users\PC\Desktop\2-SeleniumWebDriver\TestProject1\bin\Debug\net6.0\fine-code-coverage\build-output\testhost.exe
TpTrace Verbose: 0 : 11732, 5, 2024/08/09, 16:25:20.057, 13298701369, vstest.console.dll, DotnetTestHostmanager: Full path of host exe is C:\Users\PC\Desktop\2-SeleniumWebDriver\TestProject1\bin\Debug\net6.0\fine-code-coverage\build-output\testhost.exe
TpTrace Verbose: 0 : 11732, 5, 2024/08/09, 16:25:20.057, 13298703622, vstest.console.dll, DotnetTestHostmanager.LaunchTestHostAsync: Found 'VSTEST_WINAPPHOST_DOTNET_ROOT' in env variables, value 'C:\Program Files\dotnet', forwarding to 'DOTNET_ROOT'
TpTrace Verbose: 0 : 11732, 5, 2024/08/09, 16:25:20.057, 13298705776, vstest.console.dll, DotnetTestHostManager: Starting process 'C:\Users\PC\Desktop\2-SeleniumWebDriver\TestProject1\bin\Debug\net6.0\fine-code-coverage\build-output\testhost.exe' with command line ' --runtimeconfig "C:\Users\PC\Desktop\2-SeleniumWebDriver\TestProject1\bin\Debug\net6.0\fine-code-coverage\build-output\TestProject1.runtimeconfig.json" --depsfile "C:\Users\PC\Desktop\2-SeleniumWebDriver\TestProject1\bin\Debug\net6.0\fine-code-coverage\build-output\TestProject1.deps.json" --port 52198 --endpoint 127.0.0.1:052198 --role client --parentprocessid 11732 --diag "C:\Users\PC\Desktop\2-SeleniumWebDriver\TestProject1\bin\Debug\net6.0\fine-code-coverage\coverage-tool-output\diagnostics.host.24-08-09_16-25-20_05543_5.log" --tracelevel 4 --datacollectionport 52197 --telemetryoptedin false'
TpTrace Verbose: 0 : 11732, 5, 2024/08/09, 16:25:20.071, 13298842099, vstest.console.dll, MulticastDelegateUtilities.SafeInvoke: HostProviderEvents.OnHostLaunched: Invoking callback 1/2 for Microsoft.VisualStudio.TestPlatform.CrossPlatEngine.Client.ProxyExecutionManagerWithDataCollection., took 2 ms.
TpTrace Verbose: 0 : 11732, 5, 2024/08/09, 16:25:20.071, 13298849448, vstest.console.dll, Test Runtime launched
TpTrace Verbose: 0 : 11732, 5, 2024/08/09, 16:25:20.072, 13298853201, vstest.console.dll, MulticastDelegateUtilities.SafeInvoke: HostProviderEvents.OnHostLaunched: Invoking callback 2/2 for Microsoft.VisualStudio.TestPlatform.CrossPlatEngine.Client.ProxyOperationManager., took 0 ms.
TpTrace Verbose: 0 : 11732, 5, 2024/08/09, 16:25:20.072, 13298857181, vstest.console.dll, TestRequestSender.WaitForRequestHandlerConnection: waiting for connection with timeout: 90000.
TpTrace Verbose: 0 : 11732, 5, 2024/08/09, 16:25:20.415, 13302288390, vstest.console.dll, TestRequestSender.WaitForRequestHandlerConnection: waiting took 343 ms, with timeout 90000 ms, and result 0, which is success.
TpTrace Verbose: 0 : 11732, 12, 2024/08/09, 16:25:20.415, 13302288464, vstest.console.dll, MulticastDelegateUtilities.SafeInvoke: SocketServer: ClientConnected: Invoking callback 1/1 for Microsoft.VisualStudio.TestPlatform.CommunicationUtilities.TestRequestSender., took 0 ms.
TpTrace Verbose: 0 : 11732, 12, 2024/08/09, 16:25:20.416, 13302292814, vstest.console.dll, SocketServer.OnClientConnected: Client connected for endPoint: 127.0.0.1:52198, starting MessageLoopAsync:
TpTrace Verbose: 0 : 11732, 12, 2024/08/09, 16:25:20.417, 13302304983, vstest.console.dll, TcpClientExtensions.MessageLoopAsync: Polling on remoteEndPoint: 127.0.0.1:52199 localEndPoint: 127.0.0.1:52198 after 0 ms
TpTrace Verbose: 0 : 11732, 5, 2024/08/09, 16:25:20.418, 13302319785, vstest.console.dll, TestRequestSender.CheckVersionWithTestHost: Sending check version message: {"MessageType":"ProtocolVersion","Payload":7}
TpTrace Verbose: 0 : 11732, 12, 2024/08/09, 16:25:20.641, 13304543150, vstest.console.dll, TcpClientExtensions.MessageLoopAsync: NotifyDataAvailable remoteEndPoint: 127.0.0.1:52199 localEndPoint: 127.0.0.1:52198
TpTrace Verbose: 0 : 11732, 12, 2024/08/09, 16:25:20.641, 13304548176, vstest.console.dll, TestRequestSender.CheckVersionWithTestHost: onMessageReceived received message: (ProtocolVersion) -> {"MessageType":"ProtocolVersion","Payload":5}
TpTrace Verbose: 0 : 11732, 12, 2024/08/09, 16:25:20.643, 13304562817, vstest.console.dll, MulticastDelegateUtilities.SafeInvoke: LengthPrefixCommunicationChannel: MessageReceived: Invoking callback 1/1 for Microsoft.VisualStudio.TestPlatform.CommunicationUtilities.TestRequestSender+<>c__DisplayClass29_0., took 1 ms.
TpTrace Verbose: 0 : 11732, 5, 2024/08/09, 16:25:20.643, 13304564656, vstest.console.dll, TestPluginCache.GetExtensionPaths: Filtered extension paths: 
TpTrace Verbose: 0 : 11732, 12, 2024/08/09, 16:25:20.643, 13304565546, vstest.console.dll, TcpClientExtensions.MessageLoopAsync: Polling on remoteEndPoint: 127.0.0.1:52199 localEndPoint: 127.0.0.1:52198 after 225 ms
TpTrace Verbose: 0 : 11732, 5, 2024/08/09, 16:25:20.643, 13304567907, vstest.console.dll, TestPluginCache.GetExtensionPaths: Added default extension paths: C:\Program Files\dotnet\sdk\8.0.300\Extensions\Microsoft.Diagnostics.NETCore.Client.dll
C:\Program Files\dotnet\sdk\8.0.300\Extensions\Microsoft.TestPlatform.Extensions.BlameDataCollector.dll
C:\Program Files\dotnet\sdk\8.0.300\Extensions\Microsoft.TestPlatform.Extensions.EventLogCollector.dll
C:\Program Files\dotnet\sdk\8.0.300\Extensions\Microsoft.TestPlatform.TestHostRuntimeProvider.dll
C:\Program Files\dotnet\sdk\8.0.300\Extensions\Microsoft.VisualStudio.TestPlatform.Extensions.Html.TestLogger.dll
C:\Program Files\dotnet\sdk\8.0.300\Extensions\Microsoft.VisualStudio.TestPlatform.Extensions.Trx.TestLogger.dll
TpTrace Verbose: 0 : 11732, 5, 2024/08/09, 16:25:20.643, 13304569234, vstest.console.dll, TestPluginCache.GetExtensionPaths: Added unfilterableExtensionPaths: 
TpTrace Verbose: 0 : 11732, 5, 2024/08/09, 16:25:20.651, 13304643293, vstest.console.dll, TestRequestSender.InitializeExecution: Sending initialize execution with message: {"Version":5,"MessageType":"TestExecution.Initialize","Payload":["C:\\Users\\PC\\Desktop\\2-SeleniumWebDriver\\TestProject1\\bin\\Debug\\net6.0\\fine-code-coverage\\build-output\\NUnit3.TestAdapter.dll"]}
TpTrace Verbose: 0 : 11732, 5, 2024/08/09, 16:25:20.651, 13304648995, vstest.console.dll, ParallelProxyExecutionManager.StartTestRunOnConcurrentManager: Execution starting. Started clients: 1
TpTrace Verbose: 0 : 11732, 5, 2024/08/09, 16:25:20.652, 13304656531, vstest.console.dll, TestRunRequest:SendTestRunMessage: Starting.
TpTrace Verbose: 0 : 11732, 5, 2024/08/09, 16:25:20.653, 13304661086, vstest.console.dll, MulticastDelegateUtilities.SafeInvoke: TestRun.LogMessages: Invoking callback 1/1 for Microsoft.VisualStudio.TestPlatform.CommandLine.TestRunResultAggregator., took 0 ms.
TpTrace Information: 0 : 11732, 5, 2024/08/09, 16:25:20.653, 13304662753, vstest.console.dll, TestRunRequest:SendTestRunMessage: Completed.
TpTrace Verbose: 0 : 11732, 4, 2024/08/09, 16:25:20.653, 13304665353, vstest.console.dll, MulticastDelegateUtilities.SafeInvoke: InternalTestLoggerEvents.SendTestRunMessage: Invoking callback 1/1 for Microsoft.VisualStudio.TestPlatform.CommandLine.Internal.ConsoleLogger., took 0 ms.
TpTrace Warning: 0 : 11732, 5, 2024/08/09, 16:25:20.654, 13304672619, vstest.console.dll, InferRunSettingsHelper.MakeRunsettingsCompatible: Removing the following settings: TargetPlatform from RunSettings file. To use those settings please move to latest version of Microsoft.NET.Test.Sdk
TpTrace Verbose: 0 : 11732, 5, 2024/08/09, 16:25:20.671, 13304846770, vstest.console.dll, TestRequestSender.StartTestRun: Sending test run with message: {"Version":5,"MessageType":"TestExecution.StartWithSources","Payload":{"AdapterSourceMap":{"_none_":["C:\\Users\\PC\\Desktop\\2-SeleniumWebDriver\\TestProject1\\bin\\Debug\\net6.0\\fine-code-coverage\\build-output\\TestProject1.dll"]},"RunSettings":"<RunSettings>\r\n  <RunConfiguration>\r\n    <ResultsDirectory>C:\\Users\\PC\\Desktop\\2-SeleniumWebDriver\\TestProject1\\bin\\Debug\\net6.0\\fine-code-coverage\\coverage-tool-output</ResultsDirectory>\r\n    <TargetFrameworkVersion>.NETCoreApp,Version=v6.0</TargetFrameworkVersion>\r\n    <DesignMode>False</DesignMode>\r\n    <CollectSourceInformation>False</CollectSourceInformation>\r\n  </RunConfiguration>\r\n  <LoggerRunSettings>\r\n    <Loggers>\r\n      <Logger friendlyName=\"blame\" enabled=\"True\" />\r\n      <Logger friendlyName=\"Console\" uri=\"logger://microsoft/TestPlatform/ConsoleLogger/v1\" assemblyQualifiedName=\"Microsoft.VisualStudio.TestPlatform.CommandLine.Internal.ConsoleLogger, vstest.console, Version=15.0.0.0, Culture=neutral, PublicKeyToken=b03f5f7f11d50a3a\" codeBase=\"C:\\Program Files\\dotnet\\sdk\\8.0.300\\vstest.console.dll\" enabled=\"True\" />\r\n    </Loggers>\r\n  </LoggerRunSettings>\r\n  <DataCollectionRunSettings>\r\n    <DataCollectors>\r\n      <DataCollector friendlyName=\"blame\" enabled=\"True\">\r\n        <Configuration>\r\n          <ResultsDirectory>C:\\Users\\PC\\Desktop\\2-SeleniumWebDriver\\TestProject1\\bin\\Debug\\net6.0\\fine-code-coverage\\coverage-tool-output</ResultsDirectory>\r\n        </Configuration>\r\n      </DataCollector>\r\n    </DataCollectors>\r\n  </DataCollectionRunSettings>\r\n</RunSettings>","TestExecutionContext":{"FrequencyOfRunStatsChangeEvent":10,"RunStatsChangeEventTimeout":"00:00:01.5000000","InIsolation":false,"KeepAlive":false,"AreTestCaseLevelEventsRequired":false,"IsDebug":false,"TestCaseFilter":null,"FilterOptions":null},"Package":null}}
TpTrace Verbose: 0 : 11732, 5, 2024/08/09, 16:25:20.672, 13304850790, vstest.console.dll, ParallelProxyExecutionManager.StartTestRunOnConcurrentManager: Execution started. Started clients: 1
TpTrace Verbose: 0 : 11732, 12, 2024/08/09, 16:25:20.672, 13304854023, vstest.console.dll, TcpClientExtensions.MessageLoopAsync: NotifyDataAvailable remoteEndPoint: 127.0.0.1:52199 localEndPoint: 127.0.0.1:52198
TpTrace Verbose: 0 : 11732, 12, 2024/08/09, 16:25:20.673, 13304862797, vstest.console.dll, TestRequestSender.OnExecutionMessageReceived: Received message: {"Version":5,"MessageType":"TestSession.Message","Payload":{"MessageLevel":0,"Message":"Logging TestHost Diagnostics in file: C:\\Users\\PC\\Desktop\\2-SeleniumWebDriver\\TestProject1\\bin\\Debug\\net6.0\\fine-code-coverage\\coverage-tool-output\\diagnostics.host.24-08-09_16-25-20_05543_5.log"}}
TpTrace Verbose: 0 : 11732, 12, 2024/08/09, 16:25:20.680, 13304930085, vstest.console.dll, TestRunRequest:SendTestRunMessage: Starting.
TpTrace Verbose: 0 : 11732, 12, 2024/08/09, 16:25:20.680, 13304933346, vstest.console.dll, MulticastDelegateUtilities.SafeInvoke: TestRun.LogMessages: Invoking callback 1/1 for Microsoft.VisualStudio.TestPlatform.CommandLine.TestRunResultAggregator., took 0 ms.
TpTrace Verbose: 0 : 11732, 4, 2024/08/09, 16:25:20.680, 13304933402, vstest.console.dll, MulticastDelegateUtilities.SafeInvoke: InternalTestLoggerEvents.SendTestRunMessage: Invoking callback 1/1 for Microsoft.VisualStudio.TestPlatform.CommandLine.Internal.ConsoleLogger., took 0 ms.
TpTrace Information: 0 : 11732, 12, 2024/08/09, 16:25:20.680, 13304935014, vstest.console.dll, TestRunRequest:SendTestRunMessage: Completed.
TpTrace Verbose: 0 : 11732, 12, 2024/08/09, 16:25:20.680, 13304937721, vstest.console.dll, MulticastDelegateUtilities.SafeInvoke: LengthPrefixCommunicationChannel: MessageReceived: Invoking callback 1/1 for Microsoft.VisualStudio.TestPlatform.CommunicationUtilities.TestRequestSender+<>c__DisplayClass34_0., took 7 ms.
TpTrace Verbose: 0 : 11732, 12, 2024/08/09, 16:25:20.680, 13304939022, vstest.console.dll, TcpClientExtensions.MessageLoopAsync: Polling on remoteEndPoint: 127.0.0.1:52199 localEndPoint: 127.0.0.1:52198 after 37 ms
TpTrace Verbose: 0 : 11732, 12, 2024/08/09, 16:25:20.997, 13308104730, vstest.console.dll, TcpClientExtensions.MessageLoopAsync: NotifyDataAvailable remoteEndPoint: 127.0.0.1:52199 localEndPoint: 127.0.0.1:52198
TpTrace Verbose: 0 : 11732, 12, 2024/08/09, 16:25:20.997, 13308108109, vstest.console.dll, TestRequestSender.OnExecutionMessageReceived: Received message: {"Version":5,"MessageType":"TestSession.Message","Payload":{"MessageLevel":0,"Message":"NUnit Adapter 4.2.0.0: Test execution started"}}
TpTrace Verbose: 0 : 11732, 12, 2024/08/09, 16:25:20.998, 13308114301, vstest.console.dll, TestRunRequest:SendTestRunMessage: Starting.
TpTrace Verbose: 0 : 11732, 12, 2024/08/09, 16:25:20.998, 13308116857, vstest.console.dll, MulticastDelegateUtilities.SafeInvoke: TestRun.LogMessages: Invoking callback 1/1 for Microsoft.VisualStudio.TestPlatform.CommandLine.TestRunResultAggregator., took 0 ms.
TpTrace Verbose: 0 : 11732, 4, 2024/08/09, 16:25:20.998, 13308117069, vstest.console.dll, MulticastDelegateUtilities.SafeInvoke: InternalTestLoggerEvents.SendTestRunMessage: Invoking callback 1/1 for Microsoft.VisualStudio.TestPlatform.CommandLine.Internal.ConsoleLogger., took 0 ms.
TpTrace Information: 0 : 11732, 12, 2024/08/09, 16:25:20.998, 13308118359, vstest.console.dll, TestRunRequest:SendTestRunMessage: Completed.
TpTrace Verbose: 0 : 11732, 12, 2024/08/09, 16:25:20.999, 13308120659, vstest.console.dll, MulticastDelegateUtilities.SafeInvoke: LengthPrefixCommunicationChannel: MessageReceived: Invoking callback 1/1 for Microsoft.VisualStudio.TestPlatform.CommunicationUtilities.TestRequestSender+<>c__DisplayClass34_0., took 1 ms.
TpTrace Verbose: 0 : 11732, 12, 2024/08/09, 16:25:20.999, 13308121919, vstest.console.dll, TcpClientExtensions.MessageLoopAsync: Polling on remoteEndPoint: 127.0.0.1:52199 localEndPoint: 127.0.0.1:52198 after 318 ms
TpTrace Verbose: 0 : 11732, 12, 2024/08/09, 16:25:21.062, 13308753911, vstest.console.dll, TcpClientExtensions.MessageLoopAsync: NotifyDataAvailable remoteEndPoint: 127.0.0.1:52199 localEndPoint: 127.0.0.1:52198
TpTrace Verbose: 0 : 11732, 12, 2024/08/09, 16:25:21.062, 13308756579, vstest.console.dll, TestRequestSender.OnExecutionMessageReceived: Received message: {"Version":5,"MessageType":"TestSession.Message","Payload":{"MessageLevel":0,"Message":"Running all tests in C:\\Users\\PC\\Desktop\\2-SeleniumWebDriver\\TestProject1\\bin\\Debug\\net6.0\\fine-code-coverage\\build-output\\TestProject1.dll"}}
TpTrace Verbose: 0 : 11732, 12, 2024/08/09, 16:25:21.062, 13308759298, vstest.console.dll, TestRunRequest:SendTestRunMessage: Starting.
TpTrace Verbose: 0 : 11732, 12, 2024/08/09, 16:25:21.063, 13308761057, vstest.console.dll, MulticastDelegateUtilities.SafeInvoke: TestRun.LogMessages: Invoking callback 1/1 for Microsoft.VisualStudio.TestPlatform.CommandLine.TestRunResultAggregator., took 0 ms.
TpTrace Verbose: 0 : 11732, 4, 2024/08/09, 16:25:21.063, 13308761411, vstest.console.dll, MulticastDelegateUtilities.SafeInvoke: InternalTestLoggerEvents.SendTestRunMessage: Invoking callback 1/1 for Microsoft.VisualStudio.TestPlatform.CommandLine.Internal.ConsoleLogger., took 0 ms.
TpTrace Information: 0 : 11732, 12, 2024/08/09, 16:25:21.063, 13308762645, vstest.console.dll, TestRunRequest:SendTestRunMessage: Completed.
TpTrace Verbose: 0 : 11732, 12, 2024/08/09, 16:25:21.063, 13308764743, vstest.console.dll, MulticastDelegateUtilities.SafeInvoke: LengthPrefixCommunicationChannel: MessageReceived: Invoking callback 1/1 for Microsoft.VisualStudio.TestPlatform.CommunicationUtilities.TestRequestSender+<>c__DisplayClass34_0., took 0 ms.
TpTrace Verbose: 0 : 11732, 12, 2024/08/09, 16:25:21.063, 13308765659, vstest.console.dll, TcpClientExtensions.MessageLoopAsync: Polling on remoteEndPoint: 127.0.0.1:52199 localEndPoint: 127.0.0.1:52198 after 64 ms
TpTrace Verbose: 0 : 11732, 12, 2024/08/09, 16:25:21.315, 13311287975, vstest.console.dll, TcpClientExtensions.MessageLoopAsync: NotifyDataAvailable remoteEndPoint: 127.0.0.1:52199 localEndPoint: 127.0.0.1:52198
TpTrace Verbose: 0 : 11732, 12, 2024/08/09, 16:25:21.316, 13311290772, vstest.console.dll, TestRequestSender.OnExecutionMessageReceived: Received message: {"Version":5,"MessageType":"TestSession.Message","Payload":{"MessageLevel":0,"Message":"   NUnit3TestExecutor discovered 5 of 5 NUnit test cases using Current Discovery mode, Non-Explicit run"}}
TpTrace Verbose: 0 : 11732, 12, 2024/08/09, 16:25:21.316, 13311292928, vstest.console.dll, TestRunRequest:SendTestRunMessage: Starting.
TpTrace Verbose: 0 : 11732, 12, 2024/08/09, 16:25:21.316, 13311294457, vstest.console.dll, MulticastDelegateUtilities.SafeInvoke: TestRun.LogMessages: Invoking callback 1/1 for Microsoft.VisualStudio.TestPlatform.CommandLine.TestRunResultAggregator., took 0 ms.
TpTrace Verbose: 0 : 11732, 4, 2024/08/09, 16:25:21.316, 13311294738, vstest.console.dll, MulticastDelegateUtilities.SafeInvoke: InternalTestLoggerEvents.SendTestRunMessage: Invoking callback 1/1 for Microsoft.VisualStudio.TestPlatform.CommandLine.Internal.ConsoleLogger., took 0 ms.
TpTrace Information: 0 : 11732, 12, 2024/08/09, 16:25:21.317, 13311299406, vstest.console.dll, TestRunRequest:SendTestRunMessage: Completed.
TpTrace Verbose: 0 : 11732, 12, 2024/08/09, 16:25:21.317, 13311301901, vstest.console.dll, MulticastDelegateUtilities.SafeInvoke: LengthPrefixCommunicationChannel: MessageReceived: Invoking callback 1/1 for Microsoft.VisualStudio.TestPlatform.CommunicationUtilities.TestRequestSender+<>c__DisplayClass34_0., took 1 ms.
TpTrace Verbose: 0 : 11732, 12, 2024/08/09, 16:25:21.317, 13311303108, vstest.console.dll, TcpClientExtensions.MessageLoopAsync: Polling on remoteEndPoint: 127.0.0.1:52199 localEndPoint: 127.0.0.1:52198 after 253 ms
TpTrace Verbose: 0 : 11732, 12, 2024/08/09, 16:25:22.328, 13321413087, vstest.console.dll, TcpClientExtensions.MessageLoopAsync: Polling on remoteEndPoint: 127.0.0.1:52199 localEndPoint: 127.0.0.1:52198 after 1010 ms
TpTrace Verbose: 0 : 11732, 12, 2024/08/09, 16:25:23.331, 13331444885, vstest.console.dll, TcpClientExtensions.MessageLoopAsync: Polling on remoteEndPoint: 127.0.0.1:52199 localEndPoint: 127.0.0.1:52198 after 1002 ms
TpTrace Verbose: 0 : 11732, 12, 2024/08/09, 16:25:24.135, 13339485535, vstest.console.dll, TcpClientExtensions.MessageLoopAsync: NotifyDataAvailable remoteEndPoint: 127.0.0.1:52199 localEndPoint: 127.0.0.1:52198
TpTrace Verbose: 0 : 11732, 12, 2024/08/09, 16:25:24.136, 13339490024, vstest.console.dll, TestRequestSender.OnExecutionMessageReceived: Received message: {"Version":5,"MessageType":"TestExecution.StatsChange","Payload":{"NewTestResults":[],"TestRunStatistics":{"ExecutedTests":0,"Stats":{}},"ActiveTests":[{"Id":"ea7677c4-81b0-3802-898d-f102635e57c4","FullyQualifiedName":"TestProject1.TestCalculator.TestNumberCalculator(\"5\",\"+ (sum)\",\"10\",\"Result: 15\")","DisplayName":"TestNumberCalculator(\"5\",\"+ (sum)\",\"10\",\"Result: 15\")","ExecutorUri":"executor://NUnit3TestExecutor","Source":"C:\\Users\\PC\\Desktop\\2-SeleniumWebDriver\\TestProject1\\bin\\Debug\\net6.0\\fine-code-coverage\\build-output\\TestProject1.dll","CodeFilePath":null,"LineNumber":0,"Properties":[{"Key":{"Id":"NUnit.Seed","Label":"Seed","Category":"","Description":"","Attributes":0,"ValueType":"System.String"},"Value":"1687459163"}]}]}}
TpTrace Verbose: 0 : 11732, 12, 2024/08/09, 16:25:24.184, 13339971593, vstest.console.dll, TestRunRequest:SendTestRunStatsChange: Starting.
TpTrace Verbose: 0 : 11732, 12, 2024/08/09, 16:25:24.184, 13339974671, vstest.console.dll, InProgress is TestNumberCalculator("5","+ (sum)","10","Result: 15")
TpTrace Verbose: 0 : 11732, 12, 2024/08/09, 16:25:24.185, 13339977154, vstest.console.dll, MulticastDelegateUtilities.SafeInvoke: TestRun.RunStatsChanged: Invoking callbacks was skipped because there are no subscribers.
TpTrace Information: 0 : 11732, 12, 2024/08/09, 16:25:24.185, 13339978309, vstest.console.dll, TestRunRequest:SendTestRunStatsChange: Completed.
TpTrace Verbose: 0 : 11732, 12, 2024/08/09, 16:25:24.185, 13339979397, vstest.console.dll, MulticastDelegateUtilities.SafeInvoke: LengthPrefixCommunicationChannel: MessageReceived: Invoking callback 1/1 for Microsoft.VisualStudio.TestPlatform.CommunicationUtilities.TestRequestSender+<>c__DisplayClass34_0., took 49 ms.
TpTrace Verbose: 0 : 11732, 12, 2024/08/09, 16:25:24.185, 13339980413, vstest.console.dll, TcpClientExtensions.MessageLoopAsync: Polling on remoteEndPoint: 127.0.0.1:52199 localEndPoint: 127.0.0.1:52198 after 853 ms
TpTrace Verbose: 0 : 11732, 12, 2024/08/09, 16:25:25.188, 13350005948, vstest.console.dll, TcpClientExtensions.MessageLoopAsync: Polling on remoteEndPoint: 127.0.0.1:52199 localEndPoint: 127.0.0.1:52198 after 1002 ms
TpTrace Verbose: 0 : 11732, 12, 2024/08/09, 16:25:25.667, 13354798569, vstest.console.dll, TcpClientExtensions.MessageLoopAsync: NotifyDataAvailable remoteEndPoint: 127.0.0.1:52199 localEndPoint: 127.0.0.1:52198
TpTrace Verbose: 0 : 11732, 12, 2024/08/09, 16:25:25.667, 13354803075, vstest.console.dll, TestRequestSender.OnExecutionMessageReceived: Received message: {"Version":5,"MessageType":"TestExecution.StatsChange","Payload":{"NewTestResults":[{"TestCase":{"Id":"ea7677c4-81b0-3802-898d-f102635e57c4","FullyQualifiedName":"TestProject1.TestCalculator.TestNumberCalculator(\"5\",\"+ (sum)\",\"10\",\"Result: 15\")","DisplayName":"TestNumberCalculator(\"5\",\"+ (sum)\",\"10\",\"Result: 15\")","ExecutorUri":"executor://NUnit3TestExecutor","Source":"C:\\Users\\PC\\Desktop\\2-SeleniumWebDriver\\TestProject1\\bin\\Debug\\net6.0\\fine-code-coverage\\build-output\\TestProject1.dll","CodeFilePath":null,"LineNumber":0,"Properties":[{"Key":{"Id":"NUnit.Seed","Label":"Seed","Category":"","Description":"","Attributes":0,"ValueType":"System.String"},"Value":"1687459163"}]},"Attachments":[],"Outcome":1,"ErrorMessage":null,"ErrorStackTrace":null,"DisplayName":"TestNumberCalculator(\"5\",\"+ (sum)\",\"10\",\"Result: 15\")","Messages":[],"ComputerName":"DESKTOP-78QNQ9Q","Duration":"00:00:00.6562440","StartTime":"2024-08-09T13:25:24.0236066+00:00","EndTime":"2024-08-09T13:25:24.6796734+00:00","Properties":[{"Key":{"Id":"NUnit.Seed","Label":"Seed","Category":"","Description":"","Attributes":0,"ValueType":"System.String"},"Value":"1687459163"}]},{"TestCase":{"Id":"39de9d3b-d851-5575-847e-661c7a8919c8","FullyQualifiedName":"TestProject1.TestCalculator.TestNumberCalculator(\"3.5\",\"- (subtract)\",\"1.2\",\"Result: 2.3\")","DisplayName":"TestNumberCalculator(\"3.5\",\"- (subtract)\",\"1.2\",\"Result: 2.3\")","ExecutorUri":"executor://NUnit3TestExecutor","Source":"C:\\Users\\PC\\Desktop\\2-SeleniumWebDriver\\TestProject1\\bin\\Debug\\net6.0\\fine-code-coverage\\build-output\\TestProject1.dll","CodeFilePath":null,"LineNumber":0,"Properties":[{"Key":{"Id":"NUnit.Seed","Label":"Seed","Category":"","Description":"","Attributes":0,"ValueType":"System.String"},"Value":"1570891437"}]},"Attachments":[],"Outcome":1,"ErrorMessage":null,"ErrorStackTrace":null,"DisplayName":"TestNumberCalculator(\"3.5\",\"- (subtract)\",\"1.2\",\"Result: 2.3\")","Messages":[],"ComputerName":"DESKTOP-78QNQ9Q","Duration":"00:00:00.4287890","StartTime":"2024-08-09T13:25:24.6843853+00:00","EndTime":"2024-08-09T13:25:25.1132138+00:00","Properties":[{"Key":{"Id":"NUnit.Seed","Label":"Seed","Category":"","Description":"","Attributes":0,"ValueType":"System.String"},"Value":"1570891437"}]},{"TestCase":{"Id":"dd89cbca-58a0-4c38-e869-82fe18971ae5","FullyQualifiedName":"TestProject1.TestCalculator.TestNumberCalculator(\"2e2\",\"* (multiply)\",\"1.5\",\"Result: 300\")","DisplayName":"TestNumberCalculator(\"2e2\",\"* (multiply)\",\"1.5\",\"Result: 300\")","ExecutorUri":"executor://NUnit3TestExecutor","Source":"C:\\Users\\PC\\Desktop\\2-SeleniumWebDriver\\TestProject1\\bin\\Debug\\net6.0\\fine-code-coverage\\build-output\\TestProject1.dll","CodeFilePath":null,"LineNumber":0,"Properties":[{"Key":{"Id":"NUnit.Seed","Label":"Seed","Category":"","Description":"","Attributes":0,"ValueType":"System.String"},"Value":"421312518"}]},"Attachments":[],"Outcome":1,"ErrorMessage":null,"ErrorStackTrace":null,"DisplayName":"TestNumberCalculator(\"2e2\",\"* (multiply)\",\"1.5\",\"Result: 300\")","Messages":[],"ComputerName":"DESKTOP-78QNQ9Q","Duration":"00:00:00.3725710","StartTime":"2024-08-09T13:25:25.1132942+00:00","EndTime":"2024-08-09T13:25:25.4858991+00:00","Properties":[{"Key":{"Id":"NUnit.Seed","Label":"Seed","Category":"","Description":"","Attributes":0,"ValueType":"System.String"},"Value":"421312518"}]}],"TestRunStatistics":{"ExecutedTests":3,"Stats":{"Passed":3}},"ActiveTests":[{"Id":"f81b492d-c0a0-de9c-664c-fff3b9b90c36","FullyQualifiedName":"TestProject1.TestCalculator.TestNumberCalculator(\"5\",\"/ (divide)\",\"0\",\"Result: Infinity\")","DisplayName":"TestNumberCalculator(\"5\",\"/ (divide)\",\"0\",\"Result: Infinity\")","ExecutorUri":"executor://NUnit3TestExecutor","Source":"C:\\Users\\PC\\Desktop\\2-SeleniumWebDriver\\TestProject1\\bin\\Debug\\net6.0\\fine-code-coverage\\build-output\\TestProject1.dll","CodeFilePath":null,"LineNumber":0,"Properties":[{"Key":{"Id":"NUnit.Seed","Label":"Seed","Category":"","Description":"","Attributes":0,"ValueType":"System.String"},"Value":"23444969"}]}]}}
TpTrace Verbose: 0 : 11732, 12, 2024/08/09, 16:25:25.684, 13354967953, vstest.console.dll, TestRunRequest:SendTestRunStatsChange: Starting.
TpTrace Verbose: 0 : 11732, 12, 2024/08/09, 16:25:25.684, 13354969296, vstest.console.dll, InProgress is TestNumberCalculator("5","/ (divide)","0","Result: Infinity")
TpTrace Verbose: 0 : 11732, 12, 2024/08/09, 16:25:25.684, 13354971997, vstest.console.dll, MulticastDelegateUtilities.SafeInvoke: TestRun.RunStatsChanged: Invoking callbacks was skipped because there are no subscribers.
TpTrace Information: 0 : 11732, 12, 2024/08/09, 16:25:25.684, 13354972900, vstest.console.dll, TestRunRequest:SendTestRunStatsChange: Completed.
TpTrace Verbose: 0 : 11732, 12, 2024/08/09, 16:25:25.684, 13354973800, vstest.console.dll, MulticastDelegateUtilities.SafeInvoke: LengthPrefixCommunicationChannel: MessageReceived: Invoking callback 1/1 for Microsoft.VisualStudio.TestPlatform.CommunicationUtilities.TestRequestSender+<>c__DisplayClass34_0., took 17 ms.
TpTrace Verbose: 0 : 11732, 12, 2024/08/09, 16:25:25.684, 13354974754, vstest.console.dll, TcpClientExtensions.MessageLoopAsync: Polling on remoteEndPoint: 127.0.0.1:52199 localEndPoint: 127.0.0.1:52198 after 496 ms
TpTrace Verbose: 0 : 11732, 4, 2024/08/09, 16:25:25.689, 13355017239, vstest.console.dll, MulticastDelegateUtilities.SafeInvoke: InternalTestLoggerEvents.SendTestResult: Invoking callback 1/1 for Microsoft.VisualStudio.TestPlatform.CommandLine.Internal.ConsoleLogger., took 4 ms.
TpTrace Verbose: 0 : 11732, 4, 2024/08/09, 16:25:25.689, 13355023382, vstest.console.dll, MulticastDelegateUtilities.SafeInvoke: InternalTestLoggerEvents.SendTestResult: Invoking callback 1/1 for Microsoft.VisualStudio.TestPlatform.CommandLine.Internal.ConsoleLogger., took 0 ms.
TpTrace Verbose: 0 : 11732, 4, 2024/08/09, 16:25:25.690, 13355025232, vstest.console.dll, MulticastDelegateUtilities.SafeInvoke: InternalTestLoggerEvents.SendTestResult: Invoking callback 1/1 for Microsoft.VisualStudio.TestPlatform.CommandLine.Internal.ConsoleLogger., took 0 ms.
TpTrace Verbose: 0 : 11732, 12, 2024/08/09, 16:25:26.368, 13361809925, vstest.console.dll, TcpClientExtensions.MessageLoopAsync: NotifyDataAvailable remoteEndPoint: 127.0.0.1:52199 localEndPoint: 127.0.0.1:52198
TpTrace Verbose: 0 : 11732, 12, 2024/08/09, 16:25:26.368, 13361812244, vstest.console.dll, TestRequestSender.OnExecutionMessageReceived: Received message: {"Version":5,"MessageType":"TestSession.Message","Payload":{"MessageLevel":0,"Message":"NUnit Adapter 4.2.0.0: Test execution complete"}}
TpTrace Verbose: 0 : 11732, 12, 2024/08/09, 16:25:26.368, 13361814160, vstest.console.dll, TestRunRequest:SendTestRunMessage: Starting.
TpTrace Verbose: 0 : 11732, 12, 2024/08/09, 16:25:26.369, 13361815703, vstest.console.dll, MulticastDelegateUtilities.SafeInvoke: TestRun.LogMessages: Invoking callback 1/1 for Microsoft.VisualStudio.TestPlatform.CommandLine.TestRunResultAggregator., took 0 ms.
TpTrace Verbose: 0 : 11732, 4, 2024/08/09, 16:25:26.369, 13361815721, vstest.console.dll, MulticastDelegateUtilities.SafeInvoke: InternalTestLoggerEvents.SendTestRunMessage: Invoking callback 1/1 for Microsoft.VisualStudio.TestPlatform.CommandLine.Internal.ConsoleLogger., took 0 ms.
TpTrace Information: 0 : 11732, 12, 2024/08/09, 16:25:26.369, 13361817008, vstest.console.dll, TestRunRequest:SendTestRunMessage: Completed.
TpTrace Verbose: 0 : 11732, 12, 2024/08/09, 16:25:26.369, 13361819045, vstest.console.dll, MulticastDelegateUtilities.SafeInvoke: LengthPrefixCommunicationChannel: MessageReceived: Invoking callback 1/1 for Microsoft.VisualStudio.TestPlatform.CommunicationUtilities.TestRequestSender+<>c__DisplayClass34_0., took 0 ms.
TpTrace Verbose: 0 : 11732, 12, 2024/08/09, 16:25:26.369, 13361819654, vstest.console.dll, TcpClientExtensions.MessageLoopAsync: Polling on remoteEndPoint: 127.0.0.1:52199 localEndPoint: 127.0.0.1:52198 after 684 ms
TpTrace Verbose: 0 : 11732, 12, 2024/08/09, 16:25:26.397, 13362099851, vstest.console.dll, TcpClientExtensions.MessageLoopAsync: NotifyDataAvailable remoteEndPoint: 127.0.0.1:52199 localEndPoint: 127.0.0.1:52198
TpTrace Verbose: 0 : 11732, 12, 2024/08/09, 16:25:26.397, 13362102589, vstest.console.dll, TestRequestSender.OnExecutionMessageReceived: Received message: {"Version":5,"MessageType":"TestExecution.Completed","Payload":{"TestRunCompleteArgs":{"TestRunStatistics":{"ExecutedTests":5,"Stats":{"Passed":5}},"IsCanceled":false,"IsAborted":false,"Error":null,"AttachmentSets":[],"ElapsedTimeInRunningTests":"00:00:05.4288409","Metrics":{}},"LastRunTests":{"NewTestResults":[{"TestCase":{"Id":"f81b492d-c0a0-de9c-664c-fff3b9b90c36","FullyQualifiedName":"TestProject1.TestCalculator.TestNumberCalculator(\"5\",\"/ (divide)\",\"0\",\"Result: Infinity\")","DisplayName":"TestNumberCalculator(\"5\",\"/ (divide)\",\"0\",\"Result: Infinity\")","ExecutorUri":"executor://NUnit3TestExecutor","Source":"C:\\Users\\PC\\Desktop\\2-SeleniumWebDriver\\TestProject1\\bin\\Debug\\net6.0\\fine-code-coverage\\build-output\\TestProject1.dll","CodeFilePath":null,"LineNumber":0,"Properties":[{"Key":{"Id":"NUnit.Seed","Label":"Seed","Category":"","Description":"","Attributes":0,"ValueType":"System.String"},"Value":"23444969"}]},"Attachments":[],"Outcome":1,"ErrorMessage":null,"ErrorStackTrace":null,"DisplayName":"TestNumberCalculator(\"5\",\"/ (divide)\",\"0\",\"Result: Infinity\")","Messages":[],"ComputerName":"DESKTOP-78QNQ9Q","Duration":"00:00:00.3437200","StartTime":"2024-08-09T13:25:25.4872097+00:00","EndTime":"2024-08-09T13:25:25.8309637+00:00","Properties":[{"Key":{"Id":"NUnit.Seed","Label":"Seed","Category":"","Description":"","Attributes":0,"ValueType":"System.String"},"Value":"23444969"}]},{"TestCase":{"Id":"0cc8adee-e7d3-e71e-1120-cbd9a711862d","FullyQualifiedName":"TestProject1.TestCalculator.TestNumberCalculator(\"invalid\",\"+ (sum)\",\"10\",\"Result: invalid input\")","DisplayName":"TestNumberCalculator(\"invalid\",\"+ (sum)\",\"10\",\"Result: invalid input\")","ExecutorUri":"executor://NUnit3TestExecutor","Source":"C:\\Users\\PC\\Desktop\\2-SeleniumWebDriver\\TestProject1\\bin\\Debug\\net6.0\\fine-code-coverage\\build-output\\TestProject1.dll","CodeFilePath":null,"LineNumber":0,"Properties":[{"Key":{"Id":"NUnit.Seed","Label":"Seed","Category":"","Description":"","Attributes":0,"ValueType":"System.String"},"Value":"511372907"}]},"Attachments":[],"Outcome":1,"ErrorMessage":null,"ErrorStackTrace":null,"DisplayName":"TestNumberCalculator(\"invalid\",\"+ (sum)\",\"10\",\"Result: invalid input\")","Messages":[],"ComputerName":"DESKTOP-78QNQ9Q","Duration":"00:00:00.4507280","StartTime":"2024-08-09T13:25:25.8310154+00:00","EndTime":"2024-08-09T13:25:26.281784+00:00","Properties":[{"Key":{"Id":"NUnit.Seed","Label":"Seed","Category":"","Description":"","Attributes":0,"ValueType":"System.String"},"Value":"511372907"}]}],"TestRunStatistics":{"ExecutedTests":5,"Stats":{"Passed":5}},"ActiveTests":[]},"RunAttachments":[],"ExecutorUris":["executor://nunit3testexecutor/"]}}
TpTrace Verbose: 0 : 11732, 12, 2024/08/09, 16:25:26.398, 13362105451, vstest.console.dll, TestRequestSender.EndSession: Sending end session.
TpTrace Verbose: 0 : 11732, 12, 2024/08/09, 16:25:26.398, 13362108820, vstest.console.dll, ProxyOperationManager.Close: waiting for test host to exit for 100 ms
TpTrace Verbose: 0 : 11732, 11, 2024/08/09, 16:25:26.431, 13362435205, vstest.console.dll, TestHostManagerCallbacks.ctor: Experimental forwarding output is disabled.
TpTrace Warning: 0 : 11732, 11, 2024/08/09, 16:25:26.431, 13362437190, vstest.console.dll, TestHostManagerCallbacks.ErrorReceivedCallback Test host standard error line: 
TpTrace Verbose: 0 : 11732, 11, 2024/08/09, 16:25:26.442, 13362544672, vstest.console.dll, TestHostProvider.ExitCallBack: Host exited starting callback.
TpTrace Information: 0 : 11732, 11, 2024/08/09, 16:25:26.442, 13362546704, vstest.console.dll, TestHostManagerCallbacks.ExitCallBack: Testhost processId: 3708 exited with exitcode: 0 error: ''
TpTrace Verbose: 0 : 11732, 11, 2024/08/09, 16:25:26.442, 13362547319, vstest.console.dll, DotnetTestHostManager.OnHostExited: invoking OnHostExited callback
TpTrace Verbose: 0 : 11732, 11, 2024/08/09, 16:25:26.442, 13362548086, vstest.console.dll, CrossPlatEngine.TestHostManagerHostExited: calling on client process exit callback.
TpTrace Information: 0 : 11732, 11, 2024/08/09, 16:25:26.442, 13362548915, vstest.console.dll, TestRequestSender.OnClientProcessExit: Test host process exited. Standard error: 
TpTrace Information: 0 : 11732, 12, 2024/08/09, 16:25:26.442, 13362549333, vstest.console.dll, SocketServer.Stop: Stop server endPoint: 127.0.0.1:52198
TpTrace Information: 0 : 11732, 12, 2024/08/09, 16:25:26.442, 13362550135, vstest.console.dll, SocketServer.Stop: Cancellation requested. Stopping message loop.
TpTrace Information: 0 : 11732, 11, 2024/08/09, 16:25:26.442, 13362549840, vstest.console.dll, SocketServer.Stop: Stop server endPoint: 127.0.0.1:52198
TpTrace Information: 0 : 11732, 11, 2024/08/09, 16:25:26.442, 13362551166, vstest.console.dll, SocketServer.Stop: Cancellation requested. Stopping message loop.
TpTrace Verbose: 0 : 11732, 11, 2024/08/09, 16:25:26.442, 13362551771, vstest.console.dll, MulticastDelegateUtilities.SafeInvoke: HostProviderEvents.OnHostExited: Invoking callback 1/1 for Microsoft.VisualStudio.TestPlatform.CrossPlatEngine.Client.ProxyOperationManager., took 0 ms.
TpTrace Information: 0 : 11732, 12, 2024/08/09, 16:25:26.442, 13362551908, vstest.console.dll, Closing the connection
TpTrace Verbose: 0 : 11732, 12, 2024/08/09, 16:25:26.443, 13362555251, vstest.console.dll, ProxyDataCollectionManager.InvokeDataCollectionServiceAction: Starting.
TpTrace Information: 0 : 11732, 12, 2024/08/09, 16:25:26.443, 13362555939, vstest.console.dll, ProxyDataCollectionManager.AfterTestRunEnd: Get attachment set and invoked data collectors processId: 5604 port: 52195
TpTrace Verbose: 0 : 11732, 12, 2024/08/09, 16:25:26.443, 13362556677, vstest.console.dll, DataCollectionRequestSender.SendAfterTestRunStartAndGetResult: Send AfterTestRunEnd message with isCancelled: False
TpTrace Verbose: 0 : 11732, 12, 2024/08/09, 16:25:26.453, 13362658012, vstest.console.dll, DataCollectionRequestSender.SendAfterTestRunStartAndGetResult: Received message: (DataCollection.AfterTestRunEndResult) -> {"MessageType":"DataCollection.AfterTestRunEndResult","Payload":{"AttachmentSets":[],"InvokedDataCollectors":[{"Uri":"datacollector://Microsoft/TestPlatform/Extensions/Blame/v1","FriendlyName":"Blame","AssemblyQualifiedName":"Microsoft.TestPlatform.Extensions.BlameDataCollector.BlameCollector, Microsoft.TestPlatform.Extensions.BlameDataCollector, Version=15.0.0.0, Culture=neutral, PublicKeyToken=b03f5f7f11d50a3a","FilePath":"C:\\Program Files\\dotnet\\sdk\\8.0.300\\Extensions\\Microsoft.TestPlatform.Extensions.BlameDataCollector.dll","HasAttachmentProcessor":false}],"Metrics":{}}}
TpTrace Warning: 0 : 11732, 10, 2024/08/09, 16:25:26.460, 13362731052, vstest.console.dll, DataCollectionLauncher.ErrorReceivedCallback datacollector standard error line: 
TpTrace Information: 0 : 11732, 12, 2024/08/09, 16:25:26.464, 13362765372, vstest.console.dll, ProxyDataCollectionManager.InvokeDataCollectionServiceAction: Completed.
TpTrace Information: 0 : 11732, 10, 2024/08/09, 16:25:26.476, 13362891846, vstest.console.dll, DataCollectionLauncher.ExitCallBack: Data collector exited with exitcode: 0 error: ''
TpTrace Verbose: 0 : 11732, 12, 2024/08/09, 16:25:26.508, 13363212907, vstest.console.dll, TestRunRequest:SendTestRunStatsChange: Starting.
TpTrace Verbose: 0 : 11732, 12, 2024/08/09, 16:25:26.509, 13363214551, vstest.console.dll, MulticastDelegateUtilities.SafeInvoke: TestRun.RunStatsChanged: Invoking callbacks was skipped because there are no subscribers.
TpTrace Information: 0 : 11732, 12, 2024/08/09, 16:25:26.509, 13363215135, vstest.console.dll, TestRunRequest:SendTestRunStatsChange: Completed.
TpTrace Verbose: 0 : 11732, 4, 2024/08/09, 16:25:26.509, 13363216158, vstest.console.dll, MulticastDelegateUtilities.SafeInvoke: InternalTestLoggerEvents.SendTestResult: Invoking callback 1/1 for Microsoft.VisualStudio.TestPlatform.CommandLine.Internal.ConsoleLogger., took 0 ms.
TpTrace Verbose: 0 : 11732, 4, 2024/08/09, 16:25:26.509, 13363217370, vstest.console.dll, MulticastDelegateUtilities.SafeInvoke: InternalTestLoggerEvents.SendTestResult: Invoking callback 1/1 for Microsoft.VisualStudio.TestPlatform.CommandLine.Internal.ConsoleLogger., took 0 ms.
TpTrace Verbose: 0 : 11732, 12, 2024/08/09, 16:25:26.509, 13363219077, vstest.console.dll, ParallelProxyExecutionManager: HandlePartialRunComplete: Total workloads = 1, Total started clients = 1 Total completed clients = 1, Run complete = True, Run canceled: False.
TpTrace Verbose: 0 : 11732, 12, 2024/08/09, 16:25:26.509, 13363219586, vstest.console.dll, ParallelProxyExecutionManager: HandlePartialRunComplete: All runs completed stopping all managers.
TpTrace Verbose: 0 : 11732, 12, 2024/08/09, 16:25:26.509, 13363220114, vstest.console.dll, ParallelOperationManager.StopAllManagers: Stopping all managers.
TpTrace Verbose: 0 : 11732, 12, 2024/08/09, 16:25:26.509, 13363220588, vstest.console.dll, ParallelOperationManager.ClearSlots: Clearing all slots. Slots should accept more work: False
TpTrace Verbose: 0 : 11732, 12, 2024/08/09, 16:25:26.509, 13363221198, vstest.console.dll, ParallelOperationManager.SetOccupiedSlotCount: Setting slot counts AvailableSlotCount = 1, OccupiedSlotCount = 0.
TpTrace Verbose: 0 : 11732, 12, 2024/08/09, 16:25:26.509, 13363221923, vstest.console.dll, Occupied slots:

TpTrace Verbose: 0 : 11732, 4, 2024/08/09, 16:25:26.521, 13363341430, vstest.console.dll, MulticastDelegateUtilities.SafeInvoke: InternalTestLoggerEvents.SendTestRunComplete: Invoking callback 1/2 for Microsoft.TestPlatform.Extensions.BlameDataCollector.BlameLogger., took 0 ms.
TpTrace Verbose: 0 : 11732, 4, 2024/08/09, 16:25:26.531, 13363438846, vstest.console.dll, MulticastDelegateUtilities.SafeInvoke: InternalTestLoggerEvents.SendTestRunComplete: Invoking callback 2/2 for Microsoft.VisualStudio.TestPlatform.CommandLine.Internal.ConsoleLogger., took 9 ms.
TpTrace Verbose: 0 : 11732, 12, 2024/08/09, 16:25:26.531, 13363443817, vstest.console.dll, TestRunRequest:TestRunComplete: Starting. IsAborted:False IsCanceled:False.
TpTrace Verbose: 0 : 11732, 12, 2024/08/09, 16:25:26.532, 13363447094, vstest.console.dll, ParallelOperationManager.DoActionOnAllManagers: Calling an action on all managers.
TpTrace Verbose: 0 : 11732, 12, 2024/08/09, 16:25:26.534, 13363470935, vstest.console.dll, TestLoggerManager.HandleTestRunComplete: Ignoring as the object is disposed.
TpTrace Verbose: 0 : 11732, 12, 2024/08/09, 16:25:26.535, 13363475770, vstest.console.dll, MulticastDelegateUtilities.SafeInvoke: TestRun.TestRunComplete: Invoking callback 1/2 for Microsoft.VisualStudio.TestPlatform.CommandLine.TestRunResultAggregator., took 0 ms.
TpTrace Verbose: 0 : 11732, 12, 2024/08/09, 16:25:26.535, 13363478616, vstest.console.dll, MulticastDelegateUtilities.SafeInvoke: TestRun.TestRunComplete: Invoking callback 2/2 for Microsoft.VisualStudio.TestPlatform.CommandLine.Processors.RunTestsArgumentExecutor+TestRunRequestEventsRegistrar., took 0 ms.
TpTrace Information: 0 : 11732, 12, 2024/08/09, 16:25:26.535, 13363480797, vstest.console.dll, TestRunRequest:TestRunComplete: Completed.
TpTrace Verbose: 0 : 11732, 1, 2024/08/09, 16:25:26.535, 13363480900, vstest.console.dll, TestRunRequest.Dispose: Starting.
TpTrace Verbose: 0 : 11732, 12, 2024/08/09, 16:25:26.535, 13363482065, vstest.console.dll, TestRequestSender.SetOperationComplete: Setting operation complete.
TpTrace Information: 0 : 11732, 1, 2024/08/09, 16:25:26.535, 13363483105, vstest.console.dll, TestRunRequest.Dispose: Completed.
TpTrace Information: 0 : 11732, 12, 2024/08/09, 16:25:26.535, 13363483808, vstest.console.dll, SocketServer.Stop: Stop server endPoint: 127.0.0.1:52198
TpTrace Information: 0 : 11732, 1, 2024/08/09, 16:25:26.536, 13363488933, vstest.console.dll, TestRequestManager.RunTests: run tests completed.
TpTrace Information: 0 : 11732, 12, 2024/08/09, 16:25:26.536, 13363490207, vstest.console.dll, SocketServer.Stop: Cancellation requested. Stopping message loop.
TpTrace Information: 0 : 11732, 1, 2024/08/09, 16:25:26.536, 13363491148, vstest.console.dll, RunTestsArgumentProcessor:Execute: Test run is completed.
TpTrace Verbose: 0 : 11732, 12, 2024/08/09, 16:25:26.536, 13363491234, vstest.console.dll, MulticastDelegateUtilities.SafeInvoke: LengthPrefixCommunicationChannel: MessageReceived: Invoking callback 1/1 for Microsoft.VisualStudio.TestPlatform.CommunicationUtilities.TestRequestSender+<>c__DisplayClass34_0., took 138 ms.
TpTrace Information: 0 : 11732, 12, 2024/08/09, 16:25:26.536, 13363493284, vstest.console.dll, SocketServer.PrivateStop: Stopping server endPoint: 127.0.0.1:52198 error: 
TpTrace Verbose: 0 : 11732, 1, 2024/08/09, 16:25:26.537, 13363498031, vstest.console.dll, Executor.Execute: Exiting with exit code of 0
TpTrace Verbose: 0 : 11732, 12, 2024/08/09, 16:25:26.537, 13363501351, vstest.console.dll, LengthPrefixCommunicationChannel.Dispose: Dispose reader and writer.
TpTrace Information: 0 : 11732, 12, 2024/08/09, 16:25:26.537, 13363502771, vstest.console.dll, SocketServer.Stop: Raise disconnected event endPoint: 127.0.0.1:52198 error: 
TpTrace Verbose: 0 : 11732, 12, 2024/08/09, 16:25:26.538, 13363504763, vstest.console.dll, TestRequestSender: OnTestRunAbort: Operation is already complete. Skip error message.
TpTrace Verbose: 0 : 11732, 12, 2024/08/09, 16:25:26.538, 13363505808, vstest.console.dll, MulticastDelegateUtilities.SafeInvoke: SocketServer: ClientDisconnected: Invoking callback 1/1 for Microsoft.VisualStudio.TestPlatform.CommunicationUtilities.TestRequestSender., took 0 ms.
